<!DOCTYPE html PUBLIC "-//W3C//DTD XHTML 1.1//EN" "http://www.w3.org/TR/xhtml11/DTD/xhtml11.dtd">
<html xmlns="http://www.w3.org/1999/xhtml">
<head>
<meta http-equiv="content-type" content="text/html; charset=UTF-8"/>
<title>TestNG Report</title>
<style type="text/css">table {margin-bottom:10px;border-collapse:collapse;empty-cells:show}th,td {border:1px solid #009;padding:.25em .5em}th {vertical-align:bottom}td {vertical-align:top}table a {font-weight:bold}.stripe td {background-color: #E6EBF9}.num {text-align:right}.passedodd td {background-color: #3F3}.passedeven td {background-color: #0A0}.skippedodd td {background-color: #DDD}.skippedeven td {background-color: #CCC}.failedodd td,.attn {background-color: #F33}.failedeven td,.stripe .attn {background-color: #D00}.stacktrace {white-space:pre;font-family:monospace}.totop {font-size:85%;text-align:center;border-bottom:2px solid #000}.invisible {display:none}</style>
</head>
<body>
<table>
<tr><th>Test</th><th># Passed</th><th># Skipped</th><th># Failed</th><th>Time (ms)</th><th>Included Groups</th><th>Excluded Groups</th></tr>
<tr><th colspan="7">SoftwareTestingTutorialsandAutomation</th></tr>
<tr><td><a href="#t0"> Ecommerce Application Test </a></td><td class="num">27</td><td class="num attn">1</td><td class="num attn">4</td><td class="num">798,601</td><td></td><td></td></tr>
</table>
<table id='summary'><thead><tr><th>Class</th><th>Method</th><th>Start</th><th>Time (ms)</th></tr></thead><tbody><tr><th colspan="4">SoftwareTestingTutorialsandAutomation</th></tr></tbody><tbody id="t0"><tr><th colspan="4"> Ecommerce Application Test  &#8212; failed (configuration methods)</th></tr><tr class="failedeven"><td rowspan="1">com.STTA.testCases.TC_HighlightElement_013</td><td><a href="#m0">setUp</a></td><td rowspan="1">1599216287150</td><td rowspan="1">80760</td></tr><tr><th colspan="4"> Ecommerce Application Test  &#8212; failed</th></tr><tr class="failedeven"><td rowspan="1">com.STTA.testCases.TC_CalendarSelectTestNaveen_028</td><td><a href="#m1">testCalendarSelectTestNaveen</a></td><td rowspan="1">1599216939316</td><td rowspan="1">34337</td></tr><tr class="failedodd"><td rowspan="1">com.STTA.testCases.TC_ExtractOrReadTableData_19</td><td><a href="#m2">testmethodone</a></td><td rowspan="1">1599216833834</td><td rowspan="1">390</td></tr><tr class="failedeven"><td rowspan="1">com.STTA.testCases.TC_HandleCheckbox_004</td><td><a href="#m3">testmethodone</a></td><td rowspan="1">1599216585541</td><td rowspan="1">1401</td></tr><tr class="failedodd"><td rowspan="1">com.STTA.testCases.TC_HandlingMultipleBrowserWindows_010</td><td><a href="#m4">testHandlingMultipleBrowserWindows</a></td><td rowspan="1">1599216682925</td><td rowspan="1">18972</td></tr><tr><th colspan="4"> Ecommerce Application Test  &#8212; skipped (configuration methods)</th></tr><tr class="skippedeven"><td rowspan="1">com.STTA.testCases.TC_HighlightElement_013</td><td><a href="#m5">tearDown</a></td><td rowspan="1">1599216368451</td><td rowspan="1">0</td></tr><tr><th colspan="4"> Ecommerce Application Test  &#8212; skipped</th></tr><tr class="skippedeven"><td rowspan="1">com.STTA.testCases.TC_HighlightElement_013</td><td><a href="#m6">testHighlightElement</a></td><td rowspan="1">1599216367995</td><td rowspan="1">0</td></tr><tr><th colspan="4"> Ecommerce Application Test  &#8212; passed</th></tr><tr class="passedeven"><td rowspan="1">com.STTA.testCases.TC_AlertPopUpHandleNaveen_027</td><td><a href="#m7">testAlertPopUpHandleNaveen</a></td><td rowspan="1">1599216918994</td><td rowspan="1">8652</td></tr><tr class="passedodd"><td rowspan="1">com.STTA.testCases.TC_CaptureScreenShot_008</td><td><a href="#m8">testCaptureScreenshot</a></td><td rowspan="1">1599216635875</td><td rowspan="1">4148</td></tr><tr class="passedeven"><td rowspan="4">com.STTA.testCases.TC_DataproviderDDT_002</td><td><a href="#m9">LogIn_Test</a></td><td rowspan="4">1599216502789</td><td rowspan="4">18709</td></tr><tr class="passedeven"><td><a href="#m10">LogIn_Test</a></td></tr><tr class="passedeven"><td><a href="#m11">LogIn_Test</a></td></tr><tr class="passedeven"><td><a href="#m12">LogIn_Test</a></td></tr><tr class="passedodd"><td rowspan="1">com.STTA.testCases.TC_DiffBetFindElementAndFindElements_015</td><td><a href="#m13">testDiffBetFindElementAndFindElements</a></td><td rowspan="1">1599216751596</td><td rowspan="1">5756</td></tr><tr class="passedeven"><td rowspan="1">com.STTA.testCases.TC_DiifBetweenSubmitAndClick_007</td><td><a href="#m14">testDiffBetClickAndSubmit</a></td><td rowspan="1">1599216767340</td><td rowspan="1">3652</td></tr><tr class="passedodd"><td rowspan="1">com.STTA.testCases.TC_DragAndDropAnElement_001</td><td><a href="#m15">testdragAndDrop</a></td><td rowspan="1">1599216441472</td><td rowspan="1">16963</td></tr><tr class="passedeven"><td rowspan="1">com.STTA.testCases.TC_DragAndDropElementByPixelXY_026</td><td><a href="#m16">testDragAndDropElementByPixelXY</a></td><td rowspan="1">1599216884562</td><td rowspan="1">22459</td></tr><tr class="passedodd"><td rowspan="1">com.STTA.testCases.TC_ExtractOrReadTableData_19</td><td><a href="#m17">testExtractOrReadTableData</a></td><td rowspan="1">1599216828777</td><td rowspan="1">5055</td></tr><tr class="passedeven"><td rowspan="2">com.STTA.testCases.TC_ExtractingAllTextFieldsFromWebPage_018</td><td><a href="#m18">testExtractingAllTextFieldsFromWebPage</a></td><td rowspan="1">1599216811660</td><td rowspan="1">6966</td></tr><tr class="passedeven"><td><a href="#m19">testMethod</a></td><td rowspan="1">1599216818629</td><td rowspan="1">0</td></tr><tr class="passedodd"><td rowspan="1">com.STTA.testCases.TC_GeneratingMouseHoverEventOnMainMenuToClickOnSubMenu_009</td><td><a href="#m20">testGeneratingMouseHoverEventOnMainMenuToClickOnSubMenu</a></td><td rowspan="1">1599216661872</td><td rowspan="1">6992</td></tr><tr class="passedeven"><td rowspan="1">com.STTA.testCases.TC_GetHeightAndWidthOfElement_033</td><td><a href="#m21">testGetHeightAndWidthOfElement</a></td><td rowspan="1">1599217039674</td><td rowspan="1">8938</td></tr><tr class="passedodd"><td rowspan="1">com.STTA.testCases.TC_GetOrExtractAllLinksFromWebPage_017</td><td><a href="#m22">testGetOrExtractAllLinksFromWebPage</a></td><td rowspan="1">1599216797526</td><td rowspan="1">4046</td></tr><tr class="passedeven"><td rowspan="1">com.STTA.testCases.TC_HandleCheckbox_004</td><td><a href="#m23">testCheckbox</a></td><td rowspan="1">1599216580588</td><td rowspan="1">4952</td></tr><tr class="passedodd"><td rowspan="1">com.STTA.testCases.TC_HandleDynamicWebTable_020</td><td><a href="#m24">testHandleDynamicWebTable</a></td><td rowspan="1">1599216844419</td><td rowspan="1">3307</td></tr><tr class="passedeven"><td rowspan="1">com.STTA.testCases.TC_HandlingDoubleClickAction_029</td><td><a href="#m25">testHandlingDoubleClickAction</a></td><td rowspan="1">1599216984455</td><td rowspan="1">16616</td></tr><tr class="passedodd"><td rowspan="1">com.STTA.testCases.TC_HandlingJSAlerts_012</td><td><a href="#m26">testHandlingJSAlerts</a></td><td rowspan="1">1599216713169</td><td rowspan="1">13025</td></tr><tr class="passedeven"><td rowspan="1">com.STTA.testCases.TC_IEBrowserSampleTest_003</td><td><a href="#m27">testCal</a></td><td rowspan="1">1599216556815</td><td rowspan="1">7933</td></tr><tr class="passedodd"><td rowspan="1">com.STTA.testCases.TC_NavigationCommands_005</td><td><a href="#m28">testBrowsercmds</a></td><td rowspan="1">1599216601068</td><td rowspan="1">22781</td></tr><tr class="passedeven"><td rowspan="1">com.STTA.testCases.TC_ObjectRepositoryUsingPropertiesFile_016</td><td><a href="#m29">testObjectRepositoryUsingPropertiesFile</a></td><td rowspan="1">1599216781697</td><td rowspan="1">4946</td></tr><tr class="passedodd"><td rowspan="1">com.STTA.testCases.TC_ParameterizationOrDataDrivenTesting_022</td><td><a href="#m30">testDDTorParameterization</a></td><td rowspan="1">1599216857352</td><td rowspan="1">17479</td></tr><tr class="passedeven"><td rowspan="1">com.STTA.testCases.TC_ReadingFontProperties_014</td><td><a href="#m31">testReadingFontProperties</a></td><td rowspan="1">1599216737991</td><td rowspan="1">2918</td></tr><tr class="passedodd"><td rowspan="1">com.STTA.testCases.TC_WebElementsDemo_031</td><td><a href="#m32">testWebElementsDemo</a></td><td rowspan="1">1599217020549</td><td rowspan="1">8629</td></tr><tr class="passedeven"><td rowspan="1">com.STTA.testCases.TC_ZoomInAndZoomOutPage_034</td><td><a href="#m33">testZoomInAndZoomOutPage</a></td><td rowspan="1">1599217060668</td><td rowspan="1">20773</td></tr></tbody>
</table>
<h2> Ecommerce Application Test </h2><h3 id="m0">com.STTA.testCases.TC_HighlightElement_013#setUp</h3><table class="result"><tr class="param"><th>Parameter #1</th></tr><tr class="param stripe"><td>firefox</td></tr><tr><th>Exception</th></tr><tr><td><div class="stacktrace">org.openqa.selenium.WebDriverException: connection refused
Build info: version: &apos;3.14.0&apos;, revision: &apos;aacccce0&apos;, time: &apos;2018-08-02T20:19:58.91Z&apos;
System info: host: &apos;SYSTEM&apos;, ip: &apos;10.17.4.253&apos;, os.name: &apos;Windows 10&apos;, os.arch: &apos;amd64&apos;, os.version: &apos;10.0&apos;, java.version: &apos;1.8.0_241&apos;
Driver info: driver.version: FirefoxDriver
remote stacktrace: 
	at org.openqa.selenium.remote.W3CHandshakeResponse.lambda$new$0(W3CHandshakeResponse.java:57)
	at org.openqa.selenium.remote.W3CHandshakeResponse.lambda$getResponseFunction$2(W3CHandshakeResponse.java:104)
	at org.openqa.selenium.remote.ProtocolHandshake.lambda$createSession$0(ProtocolHandshake.java:122)
	at java.util.stream.ReferencePipeline$3$1.accept(ReferencePipeline.java:193)
	at java.util.Spliterators$ArraySpliterator.tryAdvance(Spliterators.java:958)
	at java.util.stream.ReferencePipeline.forEachWithCancel(ReferencePipeline.java:126)
	at java.util.stream.AbstractPipeline.copyIntoWithCancel(AbstractPipeline.java:499)
	at java.util.stream.AbstractPipeline.copyInto(AbstractPipeline.java:486)
	at java.util.stream.AbstractPipeline.wrapAndCopyInto(AbstractPipeline.java:472)
	at java.util.stream.FindOps$FindOp.evaluateSequential(FindOps.java:152)
	at java.util.stream.AbstractPipeline.evaluate(AbstractPipeline.java:234)
	at java.util.stream.ReferencePipeline.findFirst(ReferencePipeline.java:464)
	at org.openqa.selenium.remote.ProtocolHandshake.createSession(ProtocolHandshake.java:125)
	at org.openqa.selenium.remote.ProtocolHandshake.createSession(ProtocolHandshake.java:73)
	at org.openqa.selenium.remote.HttpCommandExecutor.execute(HttpCommandExecutor.java:136)
	at org.openqa.selenium.remote.service.DriverCommandExecutor.execute(DriverCommandExecutor.java:83)
	at org.openqa.selenium.remote.RemoteWebDriver.execute(RemoteWebDriver.java:548)
	at org.openqa.selenium.remote.RemoteWebDriver.startSession(RemoteWebDriver.java:212)
	at org.openqa.selenium.remote.RemoteWebDriver.&lt;init&gt;(RemoteWebDriver.java:130)
	at org.openqa.selenium.firefox.FirefoxDriver.&lt;init&gt;(FirefoxDriver.java:125)
	at org.openqa.selenium.firefox.FirefoxDriver.&lt;init&gt;(FirefoxDriver.java:103)
	at com.STTA.testCases.BaseClass.setUp(BaseClass.java:77)
... Removed 33 stack frames</div></td></tr></table><p class="totop"><a href="#summary">back to summary</a></p>
<h3 id="m1">com.STTA.testCases.TC_CalendarSelectTestNaveen_028#testCalendarSelectTestNaveen</h3><table class="result"><tr><th>Exception</th></tr><tr><td><div class="stacktrace">org.openqa.selenium.NoSuchElementException: Unable to locate element: *[name=&apos;username&apos;]
For documentation on this error, please visit: http://seleniumhq.org/exceptions/no_such_element.html
Build info: version: &apos;3.14.0&apos;, revision: &apos;aacccce0&apos;, time: &apos;2018-08-02T20:19:58.91Z&apos;
System info: host: &apos;SYSTEM&apos;, ip: &apos;10.17.4.253&apos;, os.name: &apos;Windows 10&apos;, os.arch: &apos;amd64&apos;, os.version: &apos;10.0&apos;, java.version: &apos;1.8.0_241&apos;
Driver info: org.openqa.selenium.firefox.FirefoxDriver
Capabilities {acceptInsecureCerts: true, browserName: firefox, browserVersion: 59.0, javascriptEnabled: true, moz:accessibilityChecks: false, moz:headless: false, moz:processID: 20080, moz:profile: C:\Users\Venkatakrishna\App..., moz:useNonSpecCompliantPointerOrigin: false, moz:webdriverClick: true, pageLoadStrategy: normal, platform: XP, platformName: XP, platformVersion: 10.0, rotatable: false, timeouts: {implicit: 0, pageLoad: 300000, script: 30000}}
Session ID: 6a8f8439-5065-42e4-8517-2a619738c50d
*** Element info: {Using=name, value=username}
	at org.openqa.selenium.remote.http.W3CHttpResponseCodec.createException(W3CHttpResponseCodec.java:187)
	at org.openqa.selenium.remote.http.W3CHttpResponseCodec.decode(W3CHttpResponseCodec.java:122)
	at org.openqa.selenium.remote.http.W3CHttpResponseCodec.decode(W3CHttpResponseCodec.java:49)
	at org.openqa.selenium.remote.HttpCommandExecutor.execute(HttpCommandExecutor.java:158)
	at org.openqa.selenium.remote.service.DriverCommandExecutor.execute(DriverCommandExecutor.java:83)
	at org.openqa.selenium.remote.RemoteWebDriver.execute(RemoteWebDriver.java:548)
	at org.openqa.selenium.remote.RemoteWebDriver.findElement(RemoteWebDriver.java:322)
	at org.openqa.selenium.remote.RemoteWebDriver.findElementByName(RemoteWebDriver.java:400)
	at org.openqa.selenium.By$ByName.findElement(By.java:284)
	at org.openqa.selenium.remote.RemoteWebDriver.findElement(RemoteWebDriver.java:314)
	at com.STTA.testCases.TC_CalendarSelectTestNaveen_028.testCalendarSelectTestNaveen(TC_CalendarSelectTestNaveen_028.java:49)
... Removed 32 stack frames</div></td></tr></table><p class="totop"><a href="#summary">back to summary</a></p>
<h3 id="m2">com.STTA.testCases.TC_ExtractOrReadTableData_19#testmethodone</h3><table class="result"><tr><th>Exception</th></tr><tr><td><div class="stacktrace">org.openqa.selenium.WebDriverException: Reached error page: about:neterror?e=dnsNotFound&amp;u=http%3A//only-testing-blog.blogspot.in/2014/01/textbox.html&amp;c=UTF-8&amp;f=regular&amp;d=We%20can%E2%80%99t%20connect%20to%20the%20server%20at%20only-testing-blog.blogspot.in.
Build info: version: &apos;3.14.0&apos;, revision: &apos;aacccce0&apos;, time: &apos;2018-08-02T20:19:58.91Z&apos;
System info: host: &apos;SYSTEM&apos;, ip: &apos;10.17.4.253&apos;, os.name: &apos;Windows 10&apos;, os.arch: &apos;amd64&apos;, os.version: &apos;10.0&apos;, java.version: &apos;1.8.0_241&apos;
Driver info: org.openqa.selenium.firefox.FirefoxDriver
Capabilities {acceptInsecureCerts: true, browserName: firefox, browserVersion: 59.0, javascriptEnabled: true, moz:accessibilityChecks: false, moz:headless: false, moz:processID: 16016, moz:profile: C:\Users\Venkatakrishna\App..., moz:useNonSpecCompliantPointerOrigin: false, moz:webdriverClick: true, pageLoadStrategy: normal, platform: XP, platformName: XP, platformVersion: 10.0, rotatable: false, timeouts: {implicit: 0, pageLoad: 300000, script: 30000}}
Session ID: 294976a7-6401-4118-8856-44c6f8917bf1
	at org.openqa.selenium.remote.http.W3CHttpResponseCodec.createException(W3CHttpResponseCodec.java:187)
	at org.openqa.selenium.remote.http.W3CHttpResponseCodec.decode(W3CHttpResponseCodec.java:122)
	at org.openqa.selenium.remote.http.W3CHttpResponseCodec.decode(W3CHttpResponseCodec.java:49)
	at org.openqa.selenium.remote.HttpCommandExecutor.execute(HttpCommandExecutor.java:158)
	at org.openqa.selenium.remote.service.DriverCommandExecutor.execute(DriverCommandExecutor.java:83)
	at org.openqa.selenium.remote.RemoteWebDriver.execute(RemoteWebDriver.java:548)
	at org.openqa.selenium.remote.RemoteWebDriver.get(RemoteWebDriver.java:276)
	at org.openqa.selenium.remote.RemoteWebDriver$RemoteNavigation.to(RemoteWebDriver.java:853)
	at com.STTA.testCases.TC_ExtractOrReadTableData_19.testmethodone(TC_ExtractOrReadTableData_19.java:110)
... Removed 32 stack frames</div></td></tr></table><p class="totop"><a href="#summary">back to summary</a></p>
<h3 id="m3">com.STTA.testCases.TC_HandleCheckbox_004#testmethodone</h3><table class="result"><tr><th>Exception</th></tr><tr><td><div class="stacktrace">org.openqa.selenium.WebDriverException: Reached error page: about:neterror?e=dnsNotFound&amp;u=http%3A//only-testing-blog.blogspot.in/2014/01/textbox.html&amp;c=UTF-8&amp;f=regular&amp;d=We%20can%E2%80%99t%20connect%20to%20the%20server%20at%20only-testing-blog.blogspot.in.
Build info: version: &apos;3.14.0&apos;, revision: &apos;aacccce0&apos;, time: &apos;2018-08-02T20:19:58.91Z&apos;
System info: host: &apos;SYSTEM&apos;, ip: &apos;10.17.4.253&apos;, os.name: &apos;Windows 10&apos;, os.arch: &apos;amd64&apos;, os.version: &apos;10.0&apos;, java.version: &apos;1.8.0_241&apos;
Driver info: org.openqa.selenium.firefox.FirefoxDriver
Capabilities {acceptInsecureCerts: true, browserName: firefox, browserVersion: 59.0, javascriptEnabled: true, moz:accessibilityChecks: false, moz:headless: false, moz:processID: 17084, moz:profile: C:\Users\Venkatakrishna\App..., moz:useNonSpecCompliantPointerOrigin: false, moz:webdriverClick: true, pageLoadStrategy: normal, platform: XP, platformName: XP, platformVersion: 10.0, rotatable: false, timeouts: {implicit: 0, pageLoad: 300000, script: 30000}}
Session ID: 71dc2659-ea23-4128-80a4-8f77e9b5c75d
	at org.openqa.selenium.remote.http.W3CHttpResponseCodec.createException(W3CHttpResponseCodec.java:187)
	at org.openqa.selenium.remote.http.W3CHttpResponseCodec.decode(W3CHttpResponseCodec.java:122)
	at org.openqa.selenium.remote.http.W3CHttpResponseCodec.decode(W3CHttpResponseCodec.java:49)
	at org.openqa.selenium.remote.HttpCommandExecutor.execute(HttpCommandExecutor.java:158)
	at org.openqa.selenium.remote.service.DriverCommandExecutor.execute(DriverCommandExecutor.java:83)
	at org.openqa.selenium.remote.RemoteWebDriver.execute(RemoteWebDriver.java:548)
	at org.openqa.selenium.remote.RemoteWebDriver.get(RemoteWebDriver.java:276)
	at org.openqa.selenium.remote.RemoteWebDriver$RemoteNavigation.to(RemoteWebDriver.java:853)
	at com.STTA.testCases.TC_HandleCheckbox_004.testmethodone(TC_HandleCheckbox_004.java:57)
... Removed 32 stack frames</div></td></tr></table><p class="totop"><a href="#summary">back to summary</a></p>
<h3 id="m4">com.STTA.testCases.TC_HandlingMultipleBrowserWindows_010#testHandlingMultipleBrowserWindows</h3><table class="result"><tr><th>Exception</th></tr><tr><td><div class="stacktrace">org.openqa.selenium.NoSuchElementException: Unable to locate element: //input[@name=&apos;fname&apos;]
For documentation on this error, please visit: http://seleniumhq.org/exceptions/no_such_element.html
Build info: version: &apos;3.14.0&apos;, revision: &apos;aacccce0&apos;, time: &apos;2018-08-02T20:19:58.91Z&apos;
System info: host: &apos;SYSTEM&apos;, ip: &apos;10.17.4.253&apos;, os.name: &apos;Windows 10&apos;, os.arch: &apos;amd64&apos;, os.version: &apos;10.0&apos;, java.version: &apos;1.8.0_241&apos;
Driver info: org.openqa.selenium.firefox.FirefoxDriver
Capabilities {acceptInsecureCerts: true, browserName: firefox, browserVersion: 59.0, javascriptEnabled: true, moz:accessibilityChecks: false, moz:headless: false, moz:processID: 20028, moz:profile: C:\Users\Venkatakrishna\App..., moz:useNonSpecCompliantPointerOrigin: false, moz:webdriverClick: true, pageLoadStrategy: normal, platform: XP, platformName: XP, platformVersion: 10.0, rotatable: false, timeouts: {implicit: 0, pageLoad: 300000, script: 30000}}
Session ID: 17b85ba1-27b5-4288-8079-f2dbb2edcddd
*** Element info: {Using=xpath, value=//input[@name=&apos;fname&apos;]}
	at org.openqa.selenium.remote.http.W3CHttpResponseCodec.createException(W3CHttpResponseCodec.java:187)
	at org.openqa.selenium.remote.http.W3CHttpResponseCodec.decode(W3CHttpResponseCodec.java:122)
	at org.openqa.selenium.remote.http.W3CHttpResponseCodec.decode(W3CHttpResponseCodec.java:49)
	at org.openqa.selenium.remote.HttpCommandExecutor.execute(HttpCommandExecutor.java:158)
	at org.openqa.selenium.remote.service.DriverCommandExecutor.execute(DriverCommandExecutor.java:83)
	at org.openqa.selenium.remote.RemoteWebDriver.execute(RemoteWebDriver.java:548)
	at org.openqa.selenium.remote.RemoteWebDriver.findElement(RemoteWebDriver.java:322)
	at org.openqa.selenium.remote.RemoteWebDriver.findElementByXPath(RemoteWebDriver.java:424)
	at org.openqa.selenium.By$ByXPath.findElement(By.java:353)
	at org.openqa.selenium.remote.RemoteWebDriver.findElement(RemoteWebDriver.java:314)
	at com.STTA.testCases.TC_HandlingMultipleBrowserWindows_010.testHandlingMultipleBrowserWindows(TC_HandlingMultipleBrowserWindows_010.java:56)
... Removed 32 stack frames</div></td></tr></table><p class="totop"><a href="#summary">back to summary</a></p>
<h3 id="m5">com.STTA.testCases.TC_HighlightElement_013#tearDown</h3><table class="result"><tr><th class="invisible"/></tr></table><p class="totop"><a href="#summary">back to summary</a></p>
<h3 id="m6">com.STTA.testCases.TC_HighlightElement_013#testHighlightElement</h3><table class="result"><tr><th>Exception</th></tr><tr><td><div class="stacktrace">org.openqa.selenium.WebDriverException: connection refused
Build info: version: &apos;3.14.0&apos;, revision: &apos;aacccce0&apos;, time: &apos;2018-08-02T20:19:58.91Z&apos;
System info: host: &apos;SYSTEM&apos;, ip: &apos;10.17.4.253&apos;, os.name: &apos;Windows 10&apos;, os.arch: &apos;amd64&apos;, os.version: &apos;10.0&apos;, java.version: &apos;1.8.0_241&apos;
Driver info: driver.version: FirefoxDriver
remote stacktrace: 
	at org.openqa.selenium.remote.W3CHandshakeResponse.lambda$new$0(W3CHandshakeResponse.java:57)
	at org.openqa.selenium.remote.W3CHandshakeResponse.lambda$getResponseFunction$2(W3CHandshakeResponse.java:104)
	at org.openqa.selenium.remote.ProtocolHandshake.lambda$createSession$0(ProtocolHandshake.java:122)
	at java.util.stream.ReferencePipeline$3$1.accept(ReferencePipeline.java:193)
	at java.util.Spliterators$ArraySpliterator.tryAdvance(Spliterators.java:958)
	at java.util.stream.ReferencePipeline.forEachWithCancel(ReferencePipeline.java:126)
	at java.util.stream.AbstractPipeline.copyIntoWithCancel(AbstractPipeline.java:499)
	at java.util.stream.AbstractPipeline.copyInto(AbstractPipeline.java:486)
	at java.util.stream.AbstractPipeline.wrapAndCopyInto(AbstractPipeline.java:472)
	at java.util.stream.FindOps$FindOp.evaluateSequential(FindOps.java:152)
	at java.util.stream.AbstractPipeline.evaluate(AbstractPipeline.java:234)
	at java.util.stream.ReferencePipeline.findFirst(ReferencePipeline.java:464)
	at org.openqa.selenium.remote.ProtocolHandshake.createSession(ProtocolHandshake.java:125)
	at org.openqa.selenium.remote.ProtocolHandshake.createSession(ProtocolHandshake.java:73)
	at org.openqa.selenium.remote.HttpCommandExecutor.execute(HttpCommandExecutor.java:136)
	at org.openqa.selenium.remote.service.DriverCommandExecutor.execute(DriverCommandExecutor.java:83)
	at org.openqa.selenium.remote.RemoteWebDriver.execute(RemoteWebDriver.java:548)
	at org.openqa.selenium.remote.RemoteWebDriver.startSession(RemoteWebDriver.java:212)
	at org.openqa.selenium.remote.RemoteWebDriver.&lt;init&gt;(RemoteWebDriver.java:130)
	at org.openqa.selenium.firefox.FirefoxDriver.&lt;init&gt;(FirefoxDriver.java:125)
	at org.openqa.selenium.firefox.FirefoxDriver.&lt;init&gt;(FirefoxDriver.java:103)
	at com.STTA.testCases.BaseClass.setUp(BaseClass.java:77)
... Removed 33 stack frames</div></td></tr></table><p class="totop"><a href="#summary">back to summary</a></p>
<h3 id="m7">com.STTA.testCases.TC_AlertPopUpHandleNaveen_027#testAlertPopUpHandleNaveen</h3><table class="result"><tr><th class="invisible"/></tr></table><p class="totop"><a href="#summary">back to summary</a></p>
<h3 id="m8">com.STTA.testCases.TC_CaptureScreenShot_008#testCaptureScreenshot</h3><table class="result"><tr><th class="invisible"/></tr></table><p class="totop"><a href="#summary">back to summary</a></p>
<h3 id="m9">com.STTA.testCases.TC_DataproviderDDT_002#LogIn_Test</h3><table class="result"><tr class="param"><th>Parameter #1</th><th>Parameter #2</th></tr><tr class="param stripe"><td>UserId1</td><td>Pass1</td></tr></table><p class="totop"><a href="#summary">back to summary</a></p>
<h3 id="m10">com.STTA.testCases.TC_DataproviderDDT_002#LogIn_Test</h3><table class="result"><tr class="param"><th>Parameter #1</th><th>Parameter #2</th></tr><tr class="param stripe"><td>UserId4</td><td>Pass4</td></tr></table><p class="totop"><a href="#summary">back to summary</a></p>
<h3 id="m11">com.STTA.testCases.TC_DataproviderDDT_002#LogIn_Test</h3><table class="result"><tr class="param"><th>Parameter #1</th><th>Parameter #2</th></tr><tr class="param stripe"><td>UserId2</td><td>Pass2</td></tr></table><p class="totop"><a href="#summary">back to summary</a></p>
<h3 id="m12">com.STTA.testCases.TC_DataproviderDDT_002#LogIn_Test</h3><table class="result"><tr class="param"><th>Parameter #1</th><th>Parameter #2</th></tr><tr class="param stripe"><td>UserId3</td><td>Pass3</td></tr></table><p class="totop"><a href="#summary">back to summary</a></p>
<h3 id="m13">com.STTA.testCases.TC_DiffBetFindElementAndFindElements_015#testDiffBetFindElementAndFindElements</h3><table class="result"><tr><th class="invisible"/></tr></table><p class="totop"><a href="#summary">back to summary</a></p>
<h3 id="m14">com.STTA.testCases.TC_DiifBetweenSubmitAndClick_007#testDiffBetClickAndSubmit</h3><table class="result"><tr><th class="invisible"/></tr></table><p class="totop"><a href="#summary">back to summary</a></p>
<h3 id="m15">com.STTA.testCases.TC_DragAndDropAnElement_001#testdragAndDrop</h3><table class="result"><tr><th class="invisible"/></tr></table><p class="totop"><a href="#summary">back to summary</a></p>
<h3 id="m16">com.STTA.testCases.TC_DragAndDropElementByPixelXY_026#testDragAndDropElementByPixelXY</h3><table class="result"><tr><th class="invisible"/></tr></table><p class="totop"><a href="#summary">back to summary</a></p>
<h3 id="m17">com.STTA.testCases.TC_ExtractOrReadTableData_19#testExtractOrReadTableData</h3><table class="result"><tr><th class="invisible"/></tr></table><p class="totop"><a href="#summary">back to summary</a></p>
<h3 id="m18">com.STTA.testCases.TC_ExtractingAllTextFieldsFromWebPage_018#testExtractingAllTextFieldsFromWebPage</h3><table class="result"><tr><th class="invisible"/></tr></table><p class="totop"><a href="#summary">back to summary</a></p>
<h3 id="m19">com.STTA.testCases.TC_ExtractingAllTextFieldsFromWebPage_018#testMethod</h3><table class="result"><tr><th class="invisible"/></tr></table><p class="totop"><a href="#summary">back to summary</a></p>
<h3 id="m20">com.STTA.testCases.TC_GeneratingMouseHoverEventOnMainMenuToClickOnSubMenu_009#testGeneratingMouseHoverEventOnMainMenuToClickOnSubMenu</h3><table class="result"><tr><th class="invisible"/></tr></table><p class="totop"><a href="#summary">back to summary</a></p>
<h3 id="m21">com.STTA.testCases.TC_GetHeightAndWidthOfElement_033#testGetHeightAndWidthOfElement</h3><table class="result"><tr><th class="invisible"/></tr></table><p class="totop"><a href="#summary">back to summary</a></p>
<h3 id="m22">com.STTA.testCases.TC_GetOrExtractAllLinksFromWebPage_017#testGetOrExtractAllLinksFromWebPage</h3><table class="result"><tr><th class="invisible"/></tr></table><p class="totop"><a href="#summary">back to summary</a></p>
<h3 id="m23">com.STTA.testCases.TC_HandleCheckbox_004#testCheckbox</h3><table class="result"><tr><th class="invisible"/></tr></table><p class="totop"><a href="#summary">back to summary</a></p>
<h3 id="m24">com.STTA.testCases.TC_HandleDynamicWebTable_020#testHandleDynamicWebTable</h3><table class="result"><tr><th class="invisible"/></tr></table><p class="totop"><a href="#summary">back to summary</a></p>
<h3 id="m25">com.STTA.testCases.TC_HandlingDoubleClickAction_029#testHandlingDoubleClickAction</h3><table class="result"><tr><th class="invisible"/></tr></table><p class="totop"><a href="#summary">back to summary</a></p>
<h3 id="m26">com.STTA.testCases.TC_HandlingJSAlerts_012#testHandlingJSAlerts</h3><table class="result"><tr><th class="invisible"/></tr></table><p class="totop"><a href="#summary">back to summary</a></p>
<h3 id="m27">com.STTA.testCases.TC_IEBrowserSampleTest_003#testCal</h3><table class="result"><tr><th class="invisible"/></tr></table><p class="totop"><a href="#summary">back to summary</a></p>
<h3 id="m28">com.STTA.testCases.TC_NavigationCommands_005#testBrowsercmds</h3><table class="result"><tr><th class="invisible"/></tr></table><p class="totop"><a href="#summary">back to summary</a></p>
<h3 id="m29">com.STTA.testCases.TC_ObjectRepositoryUsingPropertiesFile_016#testObjectRepositoryUsingPropertiesFile</h3><table class="result"><tr><th class="invisible"/></tr></table><p class="totop"><a href="#summary">back to summary</a></p>
<h3 id="m30">com.STTA.testCases.TC_ParameterizationOrDataDrivenTesting_022#testDDTorParameterization</h3><table class="result"><tr><th class="invisible"/></tr></table><p class="totop"><a href="#summary">back to summary</a></p>
<h3 id="m31">com.STTA.testCases.TC_ReadingFontProperties_014#testReadingFontProperties</h3><table class="result"><tr><th class="invisible"/></tr></table><p class="totop"><a href="#summary">back to summary</a></p>
<h3 id="m32">com.STTA.testCases.TC_WebElementsDemo_031#testWebElementsDemo</h3><table class="result"><tr><th class="invisible"/></tr></table><p class="totop"><a href="#summary">back to summary</a></p>
<h3 id="m33">com.STTA.testCases.TC_ZoomInAndZoomOutPage_034#testZoomInAndZoomOutPage</h3><table class="result"><tr><th class="invisible"/></tr></table><p class="totop"><a href="#summary">back to summary</a></p>
</body>
</html>
