<?xml version="1.0" encoding="UTF-8"?>
<testng-results skipped="1" failed="4" ignored="0" total="32" passed="27">
  <reporter-output>
  </reporter-output>
  <suite name="SoftwareTestingTutorialsandAutomation" duration-ms="798601" started-at="2020-09-04T10:44:46Z" finished-at="2020-09-04T10:58:04Z">
    <groups>
    </groups>
    <test name=" Ecommerce Application Test " duration-ms="798601" started-at="2020-09-04T10:44:46Z" finished-at="2020-09-04T10:58:04Z">
      <class name="com.STTA.testCases.TC_GetOrExtractAllLinksFromWebPage_017">
        <test-method status="PASS" signature="setUp(java.lang.String)[pri:0, instance:com.STTA.testCases.TC_GetOrExtractAllLinksFromWebPage_017@735f7ae5]" name="setUp" is-config="true" duration-ms="7758" started-at="2020-09-04T10:53:09Z" finished-at="2020-09-04T10:53:17Z">
          <params>
            <param index="0">
              <value>
                <![CDATA[firefox]]>
              </value>
            </param>
          </params>
          <reporter-output>
          </reporter-output>
        </test-method> <!-- setUp -->
        <test-method status="PASS" signature="testGetOrExtractAllLinksFromWebPage()[pri:0, instance:com.STTA.testCases.TC_GetOrExtractAllLinksFromWebPage_017@735f7ae5]" name="testGetOrExtractAllLinksFromWebPage" duration-ms="4046" started-at="2020-09-04T10:53:17Z" finished-at="2020-09-04T10:53:21Z">
          <reporter-output>
          </reporter-output>
        </test-method> <!-- testGetOrExtractAllLinksFromWebPage -->
        <test-method status="PASS" signature="tearDown()[pri:0, instance:com.STTA.testCases.TC_GetOrExtractAllLinksFromWebPage_017@735f7ae5]" name="tearDown" is-config="true" duration-ms="2570" started-at="2020-09-04T10:53:21Z" finished-at="2020-09-04T10:53:24Z">
          <reporter-output>
          </reporter-output>
        </test-method> <!-- tearDown -->
      </class> <!-- com.STTA.testCases.TC_GetOrExtractAllLinksFromWebPage_017 -->
      <class name="com.STTA.testCases.TC_ObjectRepositoryUsingPropertiesFile_016">
        <test-method status="PASS" signature="setUp(java.lang.String)[pri:0, instance:com.STTA.testCases.TC_ObjectRepositoryUsingPropertiesFile_016@17550481]" name="setUp" is-config="true" duration-ms="7386" started-at="2020-09-04T10:52:54Z" finished-at="2020-09-04T10:53:01Z">
          <params>
            <param index="0">
              <value>
                <![CDATA[firefox]]>
              </value>
            </param>
          </params>
          <reporter-output>
          </reporter-output>
        </test-method> <!-- setUp -->
        <test-method status="PASS" signature="testObjectRepositoryUsingPropertiesFile()[pri:0, instance:com.STTA.testCases.TC_ObjectRepositoryUsingPropertiesFile_016@17550481]" name="testObjectRepositoryUsingPropertiesFile" duration-ms="4946" started-at="2020-09-04T10:53:01Z" finished-at="2020-09-04T10:53:06Z">
          <reporter-output>
          </reporter-output>
        </test-method> <!-- testObjectRepositoryUsingPropertiesFile -->
        <test-method status="PASS" signature="tearDown()[pri:0, instance:com.STTA.testCases.TC_ObjectRepositoryUsingPropertiesFile_016@17550481]" name="tearDown" is-config="true" duration-ms="3124" started-at="2020-09-04T10:53:06Z" finished-at="2020-09-04T10:53:09Z">
          <reporter-output>
          </reporter-output>
        </test-method> <!-- tearDown -->
      </class> <!-- com.STTA.testCases.TC_ObjectRepositoryUsingPropertiesFile_016 -->
      <class name="com.STTA.testCases.TC_HandlingDoubleClickAction_029">
        <test-method status="PASS" signature="setUp(java.lang.String)[pri:0, instance:com.STTA.testCases.TC_HandlingDoubleClickAction_029@5d624da6]" name="setUp" is-config="true" duration-ms="8485" started-at="2020-09-04T10:56:15Z" finished-at="2020-09-04T10:56:24Z">
          <params>
            <param index="0">
              <value>
                <![CDATA[firefox]]>
              </value>
            </param>
          </params>
          <reporter-output>
          </reporter-output>
        </test-method> <!-- setUp -->
        <test-method status="PASS" signature="testHandlingDoubleClickAction()[pri:0, instance:com.STTA.testCases.TC_HandlingDoubleClickAction_029@5d624da6]" name="testHandlingDoubleClickAction" duration-ms="16616" started-at="2020-09-04T10:56:24Z" finished-at="2020-09-04T10:56:41Z">
          <reporter-output>
          </reporter-output>
        </test-method> <!-- testHandlingDoubleClickAction -->
        <test-method status="PASS" signature="tearDown()[pri:0, instance:com.STTA.testCases.TC_HandlingDoubleClickAction_029@5d624da6]" name="tearDown" is-config="true" duration-ms="4789" started-at="2020-09-04T10:56:41Z" finished-at="2020-09-04T10:56:45Z">
          <reporter-output>
          </reporter-output>
        </test-method> <!-- tearDown -->
      </class> <!-- com.STTA.testCases.TC_HandlingDoubleClickAction_029 -->
      <class name="com.STTA.testCases.TC_CaptureScreenShot_008">
        <test-method status="PASS" signature="setUp(java.lang.String)[pri:0, instance:com.STTA.testCases.TC_CaptureScreenShot_008@26ba2a48]" name="setUp" is-config="true" duration-ms="8858" started-at="2020-09-04T10:50:27Z" finished-at="2020-09-04T10:50:35Z">
          <params>
            <param index="0">
              <value>
                <![CDATA[firefox]]>
              </value>
            </param>
          </params>
          <reporter-output>
          </reporter-output>
        </test-method> <!-- setUp -->
        <test-method status="PASS" signature="testCaptureScreenshot()[pri:0, instance:com.STTA.testCases.TC_CaptureScreenShot_008@26ba2a48]" name="testCaptureScreenshot" duration-ms="4148" started-at="2020-09-04T10:50:35Z" finished-at="2020-09-04T10:50:40Z">
          <reporter-output>
          </reporter-output>
        </test-method> <!-- testCaptureScreenshot -->
        <test-method status="PASS" signature="tearDown()[pri:0, instance:com.STTA.testCases.TC_CaptureScreenShot_008@26ba2a48]" name="tearDown" is-config="true" duration-ms="2493" started-at="2020-09-04T10:50:40Z" finished-at="2020-09-04T10:50:42Z">
          <reporter-output>
          </reporter-output>
        </test-method> <!-- tearDown -->
      </class> <!-- com.STTA.testCases.TC_CaptureScreenShot_008 -->
      <class name="com.STTA.testCases.TC_IEBrowserSampleTest_003">
        <test-method status="PASS" signature="setUp(java.lang.String)[pri:0, instance:com.STTA.testCases.TC_IEBrowserSampleTest_003@38082d64]" name="setUp" is-config="true" duration-ms="24125" started-at="2020-09-04T10:48:52Z" finished-at="2020-09-04T10:49:16Z">
          <params>
            <param index="0">
              <value>
                <![CDATA[firefox]]>
              </value>
            </param>
          </params>
          <reporter-output>
          </reporter-output>
        </test-method> <!-- setUp -->
        <test-method status="PASS" signature="testCal()[pri:0, instance:com.STTA.testCases.TC_IEBrowserSampleTest_003@38082d64]" name="testCal" duration-ms="7933" started-at="2020-09-04T10:49:16Z" finished-at="2020-09-04T10:49:24Z">
          <reporter-output>
          </reporter-output>
        </test-method> <!-- testCal -->
        <test-method status="PASS" signature="tearDown()[pri:0, instance:com.STTA.testCases.TC_IEBrowserSampleTest_003@38082d64]" name="tearDown" is-config="true" duration-ms="4262" started-at="2020-09-04T10:49:24Z" finished-at="2020-09-04T10:49:29Z">
          <reporter-output>
          </reporter-output>
        </test-method> <!-- tearDown -->
      </class> <!-- com.STTA.testCases.TC_IEBrowserSampleTest_003 -->
      <class name="com.STTA.testCases.TC_HandleCheckbox_004">
        <test-method status="PASS" signature="setUp(java.lang.String)[pri:0, instance:com.STTA.testCases.TC_HandleCheckbox_004@dfd3711]" name="setUp" is-config="true" duration-ms="11574" started-at="2020-09-04T10:49:29Z" finished-at="2020-09-04T10:49:40Z">
          <params>
            <param index="0">
              <value>
                <![CDATA[firefox]]>
              </value>
            </param>
          </params>
          <reporter-output>
          </reporter-output>
        </test-method> <!-- setUp -->
        <test-method status="PASS" signature="testCheckbox()[pri:0, instance:com.STTA.testCases.TC_HandleCheckbox_004@dfd3711]" name="testCheckbox" duration-ms="4952" started-at="2020-09-04T10:49:40Z" finished-at="2020-09-04T10:49:45Z">
          <reporter-output>
          </reporter-output>
        </test-method> <!-- testCheckbox -->
        <test-method status="FAIL" signature="testmethodone()[pri:0, instance:com.STTA.testCases.TC_HandleCheckbox_004@dfd3711]" name="testmethodone" duration-ms="1401" started-at="2020-09-04T10:49:45Z" finished-at="2020-09-04T10:49:46Z">
          <exception class="org.openqa.selenium.WebDriverException">
            <message>
              <![CDATA[Reached error page: about:neterror?e=dnsNotFound&u=http%3A//only-testing-blog.blogspot.in/2014/01/textbox.html&c=UTF-8&f=regular&d=We%20can%E2%80%99t%20connect%20to%20the%20server%20at%20only-testing-blog.blogspot.in.
Build info: version: '3.14.0', revision: 'aacccce0', time: '2018-08-02T20:19:58.91Z'
System info: host: 'SYSTEM', ip: '10.17.4.253', os.name: 'Windows 10', os.arch: 'amd64', os.version: '10.0', java.version: '1.8.0_241'
Driver info: org.openqa.selenium.firefox.FirefoxDriver
Capabilities {acceptInsecureCerts: true, browserName: firefox, browserVersion: 59.0, javascriptEnabled: true, moz:accessibilityChecks: false, moz:headless: false, moz:processID: 17084, moz:profile: C:\Users\Venkatakrishna\App..., moz:useNonSpecCompliantPointerOrigin: false, moz:webdriverClick: true, pageLoadStrategy: normal, platform: XP, platformName: XP, platformVersion: 10.0, rotatable: false, timeouts: {implicit: 0, pageLoad: 300000, script: 30000}}
Session ID: 71dc2659-ea23-4128-80a4-8f77e9b5c75d]]>
            </message>
            <full-stacktrace>
              <![CDATA[org.openqa.selenium.WebDriverException: Reached error page: about:neterror?e=dnsNotFound&u=http%3A//only-testing-blog.blogspot.in/2014/01/textbox.html&c=UTF-8&f=regular&d=We%20can%E2%80%99t%20connect%20to%20the%20server%20at%20only-testing-blog.blogspot.in.
Build info: version: '3.14.0', revision: 'aacccce0', time: '2018-08-02T20:19:58.91Z'
System info: host: 'SYSTEM', ip: '10.17.4.253', os.name: 'Windows 10', os.arch: 'amd64', os.version: '10.0', java.version: '1.8.0_241'
Driver info: org.openqa.selenium.firefox.FirefoxDriver
Capabilities {acceptInsecureCerts: true, browserName: firefox, browserVersion: 59.0, javascriptEnabled: true, moz:accessibilityChecks: false, moz:headless: false, moz:processID: 17084, moz:profile: C:\Users\Venkatakrishna\App..., moz:useNonSpecCompliantPointerOrigin: false, moz:webdriverClick: true, pageLoadStrategy: normal, platform: XP, platformName: XP, platformVersion: 10.0, rotatable: false, timeouts: {implicit: 0, pageLoad: 300000, script: 30000}}
Session ID: 71dc2659-ea23-4128-80a4-8f77e9b5c75d
at sun.reflect.NativeConstructorAccessorImpl.newInstance0(Native Method)
at sun.reflect.NativeConstructorAccessorImpl.newInstance(NativeConstructorAccessorImpl.java:62)
at sun.reflect.DelegatingConstructorAccessorImpl.newInstance(DelegatingConstructorAccessorImpl.java:45)
at java.lang.reflect.Constructor.newInstance(Constructor.java:423)
at org.openqa.selenium.remote.http.W3CHttpResponseCodec.createException(W3CHttpResponseCodec.java:187)
at org.openqa.selenium.remote.http.W3CHttpResponseCodec.decode(W3CHttpResponseCodec.java:122)
at org.openqa.selenium.remote.http.W3CHttpResponseCodec.decode(W3CHttpResponseCodec.java:49)
at org.openqa.selenium.remote.HttpCommandExecutor.execute(HttpCommandExecutor.java:158)
at org.openqa.selenium.remote.service.DriverCommandExecutor.execute(DriverCommandExecutor.java:83)
at org.openqa.selenium.remote.RemoteWebDriver.execute(RemoteWebDriver.java:548)
at org.openqa.selenium.remote.RemoteWebDriver.get(RemoteWebDriver.java:276)
at org.openqa.selenium.remote.RemoteWebDriver$RemoteNavigation.to(RemoteWebDriver.java:853)
at com.STTA.testCases.TC_HandleCheckbox_004.testmethodone(TC_HandleCheckbox_004.java:57)
at sun.reflect.NativeMethodAccessorImpl.invoke0(Native Method)
at sun.reflect.NativeMethodAccessorImpl.invoke(NativeMethodAccessorImpl.java:62)
at sun.reflect.DelegatingMethodAccessorImpl.invoke(DelegatingMethodAccessorImpl.java:43)
at java.lang.reflect.Method.invoke(Method.java:498)
at org.testng.internal.MethodInvocationHelper.invokeMethod(MethodInvocationHelper.java:124)
at org.testng.internal.Invoker.invokeMethod(Invoker.java:583)
at org.testng.internal.Invoker.invokeTestMethod(Invoker.java:719)
at org.testng.internal.Invoker.invokeTestMethods(Invoker.java:989)
at org.testng.internal.TestMethodWorker.invokeTestMethods(TestMethodWorker.java:125)
at org.testng.internal.TestMethodWorker.run(TestMethodWorker.java:109)
at org.testng.TestRunner.privateRun(TestRunner.java:648)
at org.testng.TestRunner.run(TestRunner.java:505)
at org.testng.SuiteRunner.runTest(SuiteRunner.java:455)
at org.testng.SuiteRunner.runSequentially(SuiteRunner.java:450)
at org.testng.SuiteRunner.privateRun(SuiteRunner.java:415)
at org.testng.SuiteRunner.run(SuiteRunner.java:364)
at org.testng.SuiteRunnerWorker.runSuite(SuiteRunnerWorker.java:52)
at org.testng.SuiteRunnerWorker.run(SuiteRunnerWorker.java:84)
at org.testng.TestNG.runSuitesSequentially(TestNG.java:1208)
at org.testng.TestNG.runSuitesLocally(TestNG.java:1137)
at org.testng.TestNG.runSuites(TestNG.java:1049)
at org.testng.TestNG.run(TestNG.java:1017)
at org.apache.maven.surefire.testng.TestNGExecutor.run(TestNGExecutor.java:295)
at org.apache.maven.surefire.testng.TestNGXmlTestSuite.execute(TestNGXmlTestSuite.java:84)
at org.apache.maven.surefire.testng.TestNGProvider.invoke(TestNGProvider.java:90)
at org.apache.maven.surefire.booter.ForkedBooter.invokeProviderInSameClassLoader(ForkedBooter.java:203)
at org.apache.maven.surefire.booter.ForkedBooter.runSuitesInProcess(ForkedBooter.java:155)
at org.apache.maven.surefire.booter.ForkedBooter.main(ForkedBooter.java:103)
]]>
            </full-stacktrace>
          </exception> <!-- org.openqa.selenium.WebDriverException -->
          <reporter-output>
          </reporter-output>
        </test-method> <!-- testmethodone -->
        <test-method status="PASS" signature="tearDown()[pri:0, instance:com.STTA.testCases.TC_HandleCheckbox_004@dfd3711]" name="tearDown" is-config="true" duration-ms="2653" started-at="2020-09-04T10:49:46Z" finished-at="2020-09-04T10:49:49Z">
          <reporter-output>
          </reporter-output>
        </test-method> <!-- tearDown -->
      </class> <!-- com.STTA.testCases.TC_HandleCheckbox_004 -->
      <class name="com.STTA.testCases.TC_HandlingJSAlerts_012">
        <test-method status="PASS" signature="setUp(java.lang.String)[pri:0, instance:com.STTA.testCases.TC_HandlingJSAlerts_012@64616ca2]" name="setUp" is-config="true" duration-ms="8834" started-at="2020-09-04T10:51:44Z" finished-at="2020-09-04T10:51:53Z">
          <params>
            <param index="0">
              <value>
                <![CDATA[firefox]]>
              </value>
            </param>
          </params>
          <reporter-output>
          </reporter-output>
        </test-method> <!-- setUp -->
        <test-method status="PASS" signature="testHandlingJSAlerts()[pri:0, instance:com.STTA.testCases.TC_HandlingJSAlerts_012@64616ca2]" name="testHandlingJSAlerts" duration-ms="13025" started-at="2020-09-04T10:51:53Z" finished-at="2020-09-04T10:52:06Z">
          <reporter-output>
          </reporter-output>
        </test-method> <!-- testHandlingJSAlerts -->
        <test-method status="PASS" signature="tearDown()[pri:0, instance:com.STTA.testCases.TC_HandlingJSAlerts_012@64616ca2]" name="tearDown" is-config="true" duration-ms="2303" started-at="2020-09-04T10:52:06Z" finished-at="2020-09-04T10:52:08Z">
          <reporter-output>
          </reporter-output>
        </test-method> <!-- tearDown -->
      </class> <!-- com.STTA.testCases.TC_HandlingJSAlerts_012 -->
      <class name="com.STTA.testCases.TC_NavigationCommands_005">
        <test-method status="PASS" signature="setUp(java.lang.String)[pri:0, instance:com.STTA.testCases.TC_NavigationCommands_005@42d3bd8b]" name="setUp" is-config="true" duration-ms="11452" started-at="2020-09-04T10:49:49Z" finished-at="2020-09-04T10:50:01Z">
          <params>
            <param index="0">
              <value>
                <![CDATA[firefox]]>
              </value>
            </param>
          </params>
          <reporter-output>
          </reporter-output>
        </test-method> <!-- setUp -->
        <test-method status="PASS" signature="testBrowsercmds()[pri:0, instance:com.STTA.testCases.TC_NavigationCommands_005@42d3bd8b]" name="testBrowsercmds" duration-ms="22781" started-at="2020-09-04T10:50:01Z" finished-at="2020-09-04T10:50:23Z">
          <reporter-output>
          </reporter-output>
        </test-method> <!-- testBrowsercmds -->
        <test-method status="PASS" signature="tearDown()[pri:0, instance:com.STTA.testCases.TC_NavigationCommands_005@42d3bd8b]" name="tearDown" is-config="true" duration-ms="3164" started-at="2020-09-04T10:50:23Z" finished-at="2020-09-04T10:50:27Z">
          <reporter-output>
          </reporter-output>
        </test-method> <!-- tearDown -->
      </class> <!-- com.STTA.testCases.TC_NavigationCommands_005 -->
      <class name="com.STTA.testCases.TC_DragAndDropAnElement_001">
        <test-method status="PASS" signature="setUp(java.lang.String)[pri:0, instance:com.STTA.testCases.TC_DragAndDropAnElement_001@73f792cf]" name="setUp" is-config="true" duration-ms="73014" started-at="2020-09-04T10:46:08Z" finished-at="2020-09-04T10:47:21Z">
          <params>
            <param index="0">
              <value>
                <![CDATA[firefox]]>
              </value>
            </param>
          </params>
          <reporter-output>
          </reporter-output>
        </test-method> <!-- setUp -->
        <test-method status="PASS" signature="testdragAndDrop()[pri:0, instance:com.STTA.testCases.TC_DragAndDropAnElement_001@73f792cf]" name="testdragAndDrop" duration-ms="16963" started-at="2020-09-04T10:47:21Z" finished-at="2020-09-04T10:47:38Z">
          <reporter-output>
          </reporter-output>
        </test-method> <!-- testdragAndDrop -->
        <test-method status="PASS" signature="tearDown()[pri:0, instance:com.STTA.testCases.TC_DragAndDropAnElement_001@73f792cf]" name="tearDown" is-config="true" duration-ms="11832" started-at="2020-09-04T10:47:38Z" finished-at="2020-09-04T10:47:50Z">
          <reporter-output>
          </reporter-output>
        </test-method> <!-- tearDown -->
      </class> <!-- com.STTA.testCases.TC_DragAndDropAnElement_001 -->
      <class name="com.STTA.testCases.TC_ExtractingAllTextFieldsFromWebPage_018">
        <test-method status="PASS" signature="setUp(java.lang.String)[pri:0, instance:com.STTA.testCases.TC_ExtractingAllTextFieldsFromWebPage_018@180bc464]" name="setUp" is-config="true" duration-ms="7517" started-at="2020-09-04T10:53:24Z" finished-at="2020-09-04T10:53:31Z">
          <params>
            <param index="0">
              <value>
                <![CDATA[firefox]]>
              </value>
            </param>
          </params>
          <reporter-output>
          </reporter-output>
        </test-method> <!-- setUp -->
        <test-method status="PASS" signature="testExtractingAllTextFieldsFromWebPage()[pri:0, instance:com.STTA.testCases.TC_ExtractingAllTextFieldsFromWebPage_018@180bc464]" name="testExtractingAllTextFieldsFromWebPage" duration-ms="6966" started-at="2020-09-04T10:53:31Z" finished-at="2020-09-04T10:53:38Z">
          <reporter-output>
          </reporter-output>
        </test-method> <!-- testExtractingAllTextFieldsFromWebPage -->
        <test-method status="PASS" signature="testMethod()[pri:0, instance:com.STTA.testCases.TC_ExtractingAllTextFieldsFromWebPage_018@180bc464]" name="testMethod" duration-ms="0" started-at="2020-09-04T10:53:38Z" finished-at="2020-09-04T10:53:38Z">
          <reporter-output>
          </reporter-output>
        </test-method> <!-- testMethod -->
        <test-method status="PASS" signature="tearDown()[pri:0, instance:com.STTA.testCases.TC_ExtractingAllTextFieldsFromWebPage_018@180bc464]" name="tearDown" is-config="true" duration-ms="2322" started-at="2020-09-04T10:53:38Z" finished-at="2020-09-04T10:53:40Z">
          <reporter-output>
          </reporter-output>
        </test-method> <!-- tearDown -->
      </class> <!-- com.STTA.testCases.TC_ExtractingAllTextFieldsFromWebPage_018 -->
      <class name="com.STTA.testCases.TC_HighlightElement_013">
        <test-method status="FAIL" signature="setUp(java.lang.String)[pri:0, instance:com.STTA.testCases.TC_HighlightElement_013@79698539]" name="setUp" is-config="true" duration-ms="80760" started-at="2020-09-04T10:44:47Z" finished-at="2020-09-04T10:46:07Z">
          <params>
            <param index="0">
              <value>
                <![CDATA[firefox]]>
              </value>
            </param>
          </params>
          <exception class="org.openqa.selenium.WebDriverException">
            <message>
              <![CDATA[connection refused
Build info: version: '3.14.0', revision: 'aacccce0', time: '2018-08-02T20:19:58.91Z'
System info: host: 'SYSTEM', ip: '10.17.4.253', os.name: 'Windows 10', os.arch: 'amd64', os.version: '10.0', java.version: '1.8.0_241'
Driver info: driver.version: FirefoxDriver
remote stacktrace: ]]>
            </message>
            <full-stacktrace>
              <![CDATA[org.openqa.selenium.WebDriverException: connection refused
Build info: version: '3.14.0', revision: 'aacccce0', time: '2018-08-02T20:19:58.91Z'
System info: host: 'SYSTEM', ip: '10.17.4.253', os.name: 'Windows 10', os.arch: 'amd64', os.version: '10.0', java.version: '1.8.0_241'
Driver info: driver.version: FirefoxDriver
remote stacktrace: 
at sun.reflect.NativeConstructorAccessorImpl.newInstance0(Native Method)
at sun.reflect.NativeConstructorAccessorImpl.newInstance(NativeConstructorAccessorImpl.java:62)
at sun.reflect.DelegatingConstructorAccessorImpl.newInstance(DelegatingConstructorAccessorImpl.java:45)
at java.lang.reflect.Constructor.newInstance(Constructor.java:423)
at org.openqa.selenium.remote.W3CHandshakeResponse.lambda$new$0(W3CHandshakeResponse.java:57)
at org.openqa.selenium.remote.W3CHandshakeResponse.lambda$getResponseFunction$2(W3CHandshakeResponse.java:104)
at org.openqa.selenium.remote.ProtocolHandshake.lambda$createSession$0(ProtocolHandshake.java:122)
at java.util.stream.ReferencePipeline$3$1.accept(ReferencePipeline.java:193)
at java.util.Spliterators$ArraySpliterator.tryAdvance(Spliterators.java:958)
at java.util.stream.ReferencePipeline.forEachWithCancel(ReferencePipeline.java:126)
at java.util.stream.AbstractPipeline.copyIntoWithCancel(AbstractPipeline.java:499)
at java.util.stream.AbstractPipeline.copyInto(AbstractPipeline.java:486)
at java.util.stream.AbstractPipeline.wrapAndCopyInto(AbstractPipeline.java:472)
at java.util.stream.FindOps$FindOp.evaluateSequential(FindOps.java:152)
at java.util.stream.AbstractPipeline.evaluate(AbstractPipeline.java:234)
at java.util.stream.ReferencePipeline.findFirst(ReferencePipeline.java:464)
at org.openqa.selenium.remote.ProtocolHandshake.createSession(ProtocolHandshake.java:125)
at org.openqa.selenium.remote.ProtocolHandshake.createSession(ProtocolHandshake.java:73)
at org.openqa.selenium.remote.HttpCommandExecutor.execute(HttpCommandExecutor.java:136)
at org.openqa.selenium.remote.service.DriverCommandExecutor.execute(DriverCommandExecutor.java:83)
at org.openqa.selenium.remote.RemoteWebDriver.execute(RemoteWebDriver.java:548)
at org.openqa.selenium.remote.RemoteWebDriver.startSession(RemoteWebDriver.java:212)
at org.openqa.selenium.remote.RemoteWebDriver.<init>(RemoteWebDriver.java:130)
at org.openqa.selenium.firefox.FirefoxDriver.<init>(FirefoxDriver.java:125)
at org.openqa.selenium.firefox.FirefoxDriver.<init>(FirefoxDriver.java:103)
at com.STTA.testCases.BaseClass.setUp(BaseClass.java:77)
at sun.reflect.NativeMethodAccessorImpl.invoke0(Native Method)
at sun.reflect.NativeMethodAccessorImpl.invoke(NativeMethodAccessorImpl.java:62)
at sun.reflect.DelegatingMethodAccessorImpl.invoke(DelegatingMethodAccessorImpl.java:43)
at java.lang.reflect.Method.invoke(Method.java:498)
at org.testng.internal.MethodInvocationHelper.invokeMethod(MethodInvocationHelper.java:124)
at org.testng.internal.MethodInvocationHelper.invokeMethodConsideringTimeout(MethodInvocationHelper.java:59)
at org.testng.internal.Invoker.invokeConfigurationMethod(Invoker.java:458)
at org.testng.internal.Invoker.invokeConfigurations(Invoker.java:222)
at org.testng.internal.Invoker.invokeConfigurations(Invoker.java:142)
at org.testng.internal.TestMethodWorker.invokeBeforeClassMethods(TestMethodWorker.java:168)
at org.testng.internal.TestMethodWorker.run(TestMethodWorker.java:105)
at org.testng.TestRunner.privateRun(TestRunner.java:648)
at org.testng.TestRunner.run(TestRunner.java:505)
at org.testng.SuiteRunner.runTest(SuiteRunner.java:455)
at org.testng.SuiteRunner.runSequentially(SuiteRunner.java:450)
at org.testng.SuiteRunner.privateRun(SuiteRunner.java:415)
at org.testng.SuiteRunner.run(SuiteRunner.java:364)
at org.testng.SuiteRunnerWorker.runSuite(SuiteRunnerWorker.java:52)
at org.testng.SuiteRunnerWorker.run(SuiteRunnerWorker.java:84)
at org.testng.TestNG.runSuitesSequentially(TestNG.java:1208)
at org.testng.TestNG.runSuitesLocally(TestNG.java:1137)
at org.testng.TestNG.runSuites(TestNG.java:1049)
at org.testng.TestNG.run(TestNG.java:1017)
at org.apache.maven.surefire.testng.TestNGExecutor.run(TestNGExecutor.java:295)
at org.apache.maven.surefire.testng.TestNGXmlTestSuite.execute(TestNGXmlTestSuite.java:84)
at org.apache.maven.surefire.testng.TestNGProvider.invoke(TestNGProvider.java:90)
at org.apache.maven.surefire.booter.ForkedBooter.invokeProviderInSameClassLoader(ForkedBooter.java:203)
at org.apache.maven.surefire.booter.ForkedBooter.runSuitesInProcess(ForkedBooter.java:155)
at org.apache.maven.surefire.booter.ForkedBooter.main(ForkedBooter.java:103)
]]>
            </full-stacktrace>
          </exception> <!-- org.openqa.selenium.WebDriverException -->
          <reporter-output>
          </reporter-output>
        </test-method> <!-- setUp -->
        <test-method status="SKIP" signature="testHighlightElement()[pri:0, instance:com.STTA.testCases.TC_HighlightElement_013@79698539]" name="testHighlightElement" duration-ms="0" started-at="2020-09-04T10:46:07Z" finished-at="2020-09-04T10:46:07Z">
          <exception class="org.openqa.selenium.WebDriverException">
            <message>
              <![CDATA[connection refused
Build info: version: '3.14.0', revision: 'aacccce0', time: '2018-08-02T20:19:58.91Z'
System info: host: 'SYSTEM', ip: '10.17.4.253', os.name: 'Windows 10', os.arch: 'amd64', os.version: '10.0', java.version: '1.8.0_241'
Driver info: driver.version: FirefoxDriver
remote stacktrace: ]]>
            </message>
            <full-stacktrace>
              <![CDATA[org.openqa.selenium.WebDriverException: connection refused
Build info: version: '3.14.0', revision: 'aacccce0', time: '2018-08-02T20:19:58.91Z'
System info: host: 'SYSTEM', ip: '10.17.4.253', os.name: 'Windows 10', os.arch: 'amd64', os.version: '10.0', java.version: '1.8.0_241'
Driver info: driver.version: FirefoxDriver
remote stacktrace: 
at sun.reflect.NativeConstructorAccessorImpl.newInstance0(Native Method)
at sun.reflect.NativeConstructorAccessorImpl.newInstance(NativeConstructorAccessorImpl.java:62)
at sun.reflect.DelegatingConstructorAccessorImpl.newInstance(DelegatingConstructorAccessorImpl.java:45)
at java.lang.reflect.Constructor.newInstance(Constructor.java:423)
at org.openqa.selenium.remote.W3CHandshakeResponse.lambda$new$0(W3CHandshakeResponse.java:57)
at org.openqa.selenium.remote.W3CHandshakeResponse.lambda$getResponseFunction$2(W3CHandshakeResponse.java:104)
at org.openqa.selenium.remote.ProtocolHandshake.lambda$createSession$0(ProtocolHandshake.java:122)
at java.util.stream.ReferencePipeline$3$1.accept(ReferencePipeline.java:193)
at java.util.Spliterators$ArraySpliterator.tryAdvance(Spliterators.java:958)
at java.util.stream.ReferencePipeline.forEachWithCancel(ReferencePipeline.java:126)
at java.util.stream.AbstractPipeline.copyIntoWithCancel(AbstractPipeline.java:499)
at java.util.stream.AbstractPipeline.copyInto(AbstractPipeline.java:486)
at java.util.stream.AbstractPipeline.wrapAndCopyInto(AbstractPipeline.java:472)
at java.util.stream.FindOps$FindOp.evaluateSequential(FindOps.java:152)
at java.util.stream.AbstractPipeline.evaluate(AbstractPipeline.java:234)
at java.util.stream.ReferencePipeline.findFirst(ReferencePipeline.java:464)
at org.openqa.selenium.remote.ProtocolHandshake.createSession(ProtocolHandshake.java:125)
at org.openqa.selenium.remote.ProtocolHandshake.createSession(ProtocolHandshake.java:73)
at org.openqa.selenium.remote.HttpCommandExecutor.execute(HttpCommandExecutor.java:136)
at org.openqa.selenium.remote.service.DriverCommandExecutor.execute(DriverCommandExecutor.java:83)
at org.openqa.selenium.remote.RemoteWebDriver.execute(RemoteWebDriver.java:548)
at org.openqa.selenium.remote.RemoteWebDriver.startSession(RemoteWebDriver.java:212)
at org.openqa.selenium.remote.RemoteWebDriver.<init>(RemoteWebDriver.java:130)
at org.openqa.selenium.firefox.FirefoxDriver.<init>(FirefoxDriver.java:125)
at org.openqa.selenium.firefox.FirefoxDriver.<init>(FirefoxDriver.java:103)
at com.STTA.testCases.BaseClass.setUp(BaseClass.java:77)
at sun.reflect.NativeMethodAccessorImpl.invoke0(Native Method)
at sun.reflect.NativeMethodAccessorImpl.invoke(NativeMethodAccessorImpl.java:62)
at sun.reflect.DelegatingMethodAccessorImpl.invoke(DelegatingMethodAccessorImpl.java:43)
at java.lang.reflect.Method.invoke(Method.java:498)
at org.testng.internal.MethodInvocationHelper.invokeMethod(MethodInvocationHelper.java:124)
at org.testng.internal.MethodInvocationHelper.invokeMethodConsideringTimeout(MethodInvocationHelper.java:59)
at org.testng.internal.Invoker.invokeConfigurationMethod(Invoker.java:458)
at org.testng.internal.Invoker.invokeConfigurations(Invoker.java:222)
at org.testng.internal.Invoker.invokeConfigurations(Invoker.java:142)
at org.testng.internal.TestMethodWorker.invokeBeforeClassMethods(TestMethodWorker.java:168)
at org.testng.internal.TestMethodWorker.run(TestMethodWorker.java:105)
at org.testng.TestRunner.privateRun(TestRunner.java:648)
at org.testng.TestRunner.run(TestRunner.java:505)
at org.testng.SuiteRunner.runTest(SuiteRunner.java:455)
at org.testng.SuiteRunner.runSequentially(SuiteRunner.java:450)
at org.testng.SuiteRunner.privateRun(SuiteRunner.java:415)
at org.testng.SuiteRunner.run(SuiteRunner.java:364)
at org.testng.SuiteRunnerWorker.runSuite(SuiteRunnerWorker.java:52)
at org.testng.SuiteRunnerWorker.run(SuiteRunnerWorker.java:84)
at org.testng.TestNG.runSuitesSequentially(TestNG.java:1208)
at org.testng.TestNG.runSuitesLocally(TestNG.java:1137)
at org.testng.TestNG.runSuites(TestNG.java:1049)
at org.testng.TestNG.run(TestNG.java:1017)
at org.apache.maven.surefire.testng.TestNGExecutor.run(TestNGExecutor.java:295)
at org.apache.maven.surefire.testng.TestNGXmlTestSuite.execute(TestNGXmlTestSuite.java:84)
at org.apache.maven.surefire.testng.TestNGProvider.invoke(TestNGProvider.java:90)
at org.apache.maven.surefire.booter.ForkedBooter.invokeProviderInSameClassLoader(ForkedBooter.java:203)
at org.apache.maven.surefire.booter.ForkedBooter.runSuitesInProcess(ForkedBooter.java:155)
at org.apache.maven.surefire.booter.ForkedBooter.main(ForkedBooter.java:103)
]]>
            </full-stacktrace>
          </exception> <!-- org.openqa.selenium.WebDriverException -->
          <reporter-output>
          </reporter-output>
        </test-method> <!-- testHighlightElement -->
        <test-method status="SKIP" signature="tearDown()[pri:0, instance:com.STTA.testCases.TC_HighlightElement_013@79698539]" name="tearDown" is-config="true" duration-ms="0" started-at="2020-09-04T10:46:08Z" finished-at="2020-09-04T10:46:08Z">
          <reporter-output>
          </reporter-output>
        </test-method> <!-- tearDown -->
      </class> <!-- com.STTA.testCases.TC_HighlightElement_013 -->
      <class name="com.STTA.testCases.TC_WebElementsDemo_031">
        <test-method status="PASS" signature="setUp(java.lang.String)[pri:0, instance:com.STTA.testCases.TC_WebElementsDemo_031@1e67b872]" name="setUp" is-config="true" duration-ms="14687" started-at="2020-09-04T10:56:45Z" finished-at="2020-09-04T10:57:00Z">
          <params>
            <param index="0">
              <value>
                <![CDATA[firefox]]>
              </value>
            </param>
          </params>
          <reporter-output>
          </reporter-output>
        </test-method> <!-- setUp -->
        <test-method status="PASS" signature="testWebElementsDemo()[pri:0, instance:com.STTA.testCases.TC_WebElementsDemo_031@1e67b872]" name="testWebElementsDemo" duration-ms="8629" started-at="2020-09-04T10:57:00Z" finished-at="2020-09-04T10:57:09Z">
          <reporter-output>
          </reporter-output>
        </test-method> <!-- testWebElementsDemo -->
        <test-method status="PASS" signature="tearDown()[pri:0, instance:com.STTA.testCases.TC_WebElementsDemo_031@1e67b872]" name="tearDown" is-config="true" duration-ms="2401" started-at="2020-09-04T10:57:09Z" finished-at="2020-09-04T10:57:11Z">
          <reporter-output>
          </reporter-output>
        </test-method> <!-- tearDown -->
      </class> <!-- com.STTA.testCases.TC_WebElementsDemo_031 -->
      <class name="com.STTA.testCases.TC_ParameterizationOrDataDrivenTesting_022">
        <test-method status="PASS" signature="setUp(java.lang.String)[pri:0, instance:com.STTA.testCases.TC_ParameterizationOrDataDrivenTesting_022@246ae04d]" name="setUp" is-config="true" duration-ms="7450" started-at="2020-09-04T10:54:09Z" finished-at="2020-09-04T10:54:17Z">
          <params>
            <param index="0">
              <value>
                <![CDATA[firefox]]>
              </value>
            </param>
          </params>
          <reporter-output>
          </reporter-output>
        </test-method> <!-- setUp -->
        <test-method status="PASS" signature="testDDTorParameterization()[pri:0, instance:com.STTA.testCases.TC_ParameterizationOrDataDrivenTesting_022@246ae04d]" name="testDDTorParameterization" duration-ms="17479" started-at="2020-09-04T10:54:17Z" finished-at="2020-09-04T10:54:34Z">
          <reporter-output>
          </reporter-output>
        </test-method> <!-- testDDTorParameterization -->
        <test-method status="PASS" signature="tearDown()[pri:0, instance:com.STTA.testCases.TC_ParameterizationOrDataDrivenTesting_022@246ae04d]" name="tearDown" is-config="true" duration-ms="2184" started-at="2020-09-04T10:54:34Z" finished-at="2020-09-04T10:54:37Z">
          <reporter-output>
          </reporter-output>
        </test-method> <!-- tearDown -->
      </class> <!-- com.STTA.testCases.TC_ParameterizationOrDataDrivenTesting_022 -->
      <class name="com.STTA.testCases.TC_CalendarSelectTestNaveen_028">
        <test-method status="PASS" signature="setUp(java.lang.String)[pri:0, instance:com.STTA.testCases.TC_CalendarSelectTestNaveen_028@2ef9b8bc]" name="setUp" is-config="true" duration-ms="8347" started-at="2020-09-04T10:55:30Z" finished-at="2020-09-04T10:55:39Z">
          <params>
            <param index="0">
              <value>
                <![CDATA[firefox]]>
              </value>
            </param>
          </params>
          <reporter-output>
          </reporter-output>
        </test-method> <!-- setUp -->
        <test-method status="FAIL" signature="testCalendarSelectTestNaveen()[pri:0, instance:com.STTA.testCases.TC_CalendarSelectTestNaveen_028@2ef9b8bc]" name="testCalendarSelectTestNaveen" duration-ms="34337" started-at="2020-09-04T10:55:39Z" finished-at="2020-09-04T10:56:13Z">
          <exception class="org.openqa.selenium.NoSuchElementException">
            <message>
              <![CDATA[Unable to locate element: *[name='username']
For documentation on this error, please visit: http://seleniumhq.org/exceptions/no_such_element.html
Build info: version: '3.14.0', revision: 'aacccce0', time: '2018-08-02T20:19:58.91Z'
System info: host: 'SYSTEM', ip: '10.17.4.253', os.name: 'Windows 10', os.arch: 'amd64', os.version: '10.0', java.version: '1.8.0_241'
Driver info: org.openqa.selenium.firefox.FirefoxDriver
Capabilities {acceptInsecureCerts: true, browserName: firefox, browserVersion: 59.0, javascriptEnabled: true, moz:accessibilityChecks: false, moz:headless: false, moz:processID: 20080, moz:profile: C:\Users\Venkatakrishna\App..., moz:useNonSpecCompliantPointerOrigin: false, moz:webdriverClick: true, pageLoadStrategy: normal, platform: XP, platformName: XP, platformVersion: 10.0, rotatable: false, timeouts: {implicit: 0, pageLoad: 300000, script: 30000}}
Session ID: 6a8f8439-5065-42e4-8517-2a619738c50d
*** Element info: {Using=name, value=username}]]>
            </message>
            <full-stacktrace>
              <![CDATA[org.openqa.selenium.NoSuchElementException: Unable to locate element: *[name='username']
For documentation on this error, please visit: http://seleniumhq.org/exceptions/no_such_element.html
Build info: version: '3.14.0', revision: 'aacccce0', time: '2018-08-02T20:19:58.91Z'
System info: host: 'SYSTEM', ip: '10.17.4.253', os.name: 'Windows 10', os.arch: 'amd64', os.version: '10.0', java.version: '1.8.0_241'
Driver info: org.openqa.selenium.firefox.FirefoxDriver
Capabilities {acceptInsecureCerts: true, browserName: firefox, browserVersion: 59.0, javascriptEnabled: true, moz:accessibilityChecks: false, moz:headless: false, moz:processID: 20080, moz:profile: C:\Users\Venkatakrishna\App..., moz:useNonSpecCompliantPointerOrigin: false, moz:webdriverClick: true, pageLoadStrategy: normal, platform: XP, platformName: XP, platformVersion: 10.0, rotatable: false, timeouts: {implicit: 0, pageLoad: 300000, script: 30000}}
Session ID: 6a8f8439-5065-42e4-8517-2a619738c50d
*** Element info: {Using=name, value=username}
at sun.reflect.NativeConstructorAccessorImpl.newInstance0(Native Method)
at sun.reflect.NativeConstructorAccessorImpl.newInstance(NativeConstructorAccessorImpl.java:62)
at sun.reflect.DelegatingConstructorAccessorImpl.newInstance(DelegatingConstructorAccessorImpl.java:45)
at java.lang.reflect.Constructor.newInstance(Constructor.java:423)
at org.openqa.selenium.remote.http.W3CHttpResponseCodec.createException(W3CHttpResponseCodec.java:187)
at org.openqa.selenium.remote.http.W3CHttpResponseCodec.decode(W3CHttpResponseCodec.java:122)
at org.openqa.selenium.remote.http.W3CHttpResponseCodec.decode(W3CHttpResponseCodec.java:49)
at org.openqa.selenium.remote.HttpCommandExecutor.execute(HttpCommandExecutor.java:158)
at org.openqa.selenium.remote.service.DriverCommandExecutor.execute(DriverCommandExecutor.java:83)
at org.openqa.selenium.remote.RemoteWebDriver.execute(RemoteWebDriver.java:548)
at org.openqa.selenium.remote.RemoteWebDriver.findElement(RemoteWebDriver.java:322)
at org.openqa.selenium.remote.RemoteWebDriver.findElementByName(RemoteWebDriver.java:400)
at org.openqa.selenium.By$ByName.findElement(By.java:284)
at org.openqa.selenium.remote.RemoteWebDriver.findElement(RemoteWebDriver.java:314)
at com.STTA.testCases.TC_CalendarSelectTestNaveen_028.testCalendarSelectTestNaveen(TC_CalendarSelectTestNaveen_028.java:49)
at sun.reflect.NativeMethodAccessorImpl.invoke0(Native Method)
at sun.reflect.NativeMethodAccessorImpl.invoke(NativeMethodAccessorImpl.java:62)
at sun.reflect.DelegatingMethodAccessorImpl.invoke(DelegatingMethodAccessorImpl.java:43)
at java.lang.reflect.Method.invoke(Method.java:498)
at org.testng.internal.MethodInvocationHelper.invokeMethod(MethodInvocationHelper.java:124)
at org.testng.internal.Invoker.invokeMethod(Invoker.java:583)
at org.testng.internal.Invoker.invokeTestMethod(Invoker.java:719)
at org.testng.internal.Invoker.invokeTestMethods(Invoker.java:989)
at org.testng.internal.TestMethodWorker.invokeTestMethods(TestMethodWorker.java:125)
at org.testng.internal.TestMethodWorker.run(TestMethodWorker.java:109)
at org.testng.TestRunner.privateRun(TestRunner.java:648)
at org.testng.TestRunner.run(TestRunner.java:505)
at org.testng.SuiteRunner.runTest(SuiteRunner.java:455)
at org.testng.SuiteRunner.runSequentially(SuiteRunner.java:450)
at org.testng.SuiteRunner.privateRun(SuiteRunner.java:415)
at org.testng.SuiteRunner.run(SuiteRunner.java:364)
at org.testng.SuiteRunnerWorker.runSuite(SuiteRunnerWorker.java:52)
at org.testng.SuiteRunnerWorker.run(SuiteRunnerWorker.java:84)
at org.testng.TestNG.runSuitesSequentially(TestNG.java:1208)
at org.testng.TestNG.runSuitesLocally(TestNG.java:1137)
at org.testng.TestNG.runSuites(TestNG.java:1049)
at org.testng.TestNG.run(TestNG.java:1017)
at org.apache.maven.surefire.testng.TestNGExecutor.run(TestNGExecutor.java:295)
at org.apache.maven.surefire.testng.TestNGXmlTestSuite.execute(TestNGXmlTestSuite.java:84)
at org.apache.maven.surefire.testng.TestNGProvider.invoke(TestNGProvider.java:90)
at org.apache.maven.surefire.booter.ForkedBooter.invokeProviderInSameClassLoader(ForkedBooter.java:203)
at org.apache.maven.surefire.booter.ForkedBooter.runSuitesInProcess(ForkedBooter.java:155)
at org.apache.maven.surefire.booter.ForkedBooter.main(ForkedBooter.java:103)
]]>
            </full-stacktrace>
          </exception> <!-- org.openqa.selenium.NoSuchElementException -->
          <reporter-output>
          </reporter-output>
        </test-method> <!-- testCalendarSelectTestNaveen -->
        <test-method status="PASS" signature="tearDown()[pri:0, instance:com.STTA.testCases.TC_CalendarSelectTestNaveen_028@2ef9b8bc]" name="tearDown" is-config="true" duration-ms="2311" started-at="2020-09-04T10:56:13Z" finished-at="2020-09-04T10:56:15Z">
          <reporter-output>
          </reporter-output>
        </test-method> <!-- tearDown -->
      </class> <!-- com.STTA.testCases.TC_CalendarSelectTestNaveen_028 -->
      <class name="com.STTA.testCases.TC_HandleDynamicWebTable_020">
        <test-method status="PASS" signature="setUp(java.lang.String)[pri:0, instance:com.STTA.testCases.TC_HandleDynamicWebTable_020@2c6a3f77]" name="setUp" is-config="true" duration-ms="7943" started-at="2020-09-04T10:53:56Z" finished-at="2020-09-04T10:54:04Z">
          <params>
            <param index="0">
              <value>
                <![CDATA[firefox]]>
              </value>
            </param>
          </params>
          <reporter-output>
          </reporter-output>
        </test-method> <!-- setUp -->
        <test-method status="PASS" signature="testHandleDynamicWebTable()[pri:0, instance:com.STTA.testCases.TC_HandleDynamicWebTable_020@2c6a3f77]" name="testHandleDynamicWebTable" duration-ms="3307" started-at="2020-09-04T10:54:04Z" finished-at="2020-09-04T10:54:07Z">
          <reporter-output>
          </reporter-output>
        </test-method> <!-- testHandleDynamicWebTable -->
        <test-method status="PASS" signature="tearDown()[pri:0, instance:com.STTA.testCases.TC_HandleDynamicWebTable_020@2c6a3f77]" name="tearDown" is-config="true" duration-ms="2175" started-at="2020-09-04T10:54:07Z" finished-at="2020-09-04T10:54:09Z">
          <reporter-output>
          </reporter-output>
        </test-method> <!-- tearDown -->
      </class> <!-- com.STTA.testCases.TC_HandleDynamicWebTable_020 -->
      <class name="com.STTA.testCases.TC_DataproviderDDT_002">
        <test-method status="PASS" signature="setUp(java.lang.String)[pri:0, instance:com.STTA.testCases.TC_DataproviderDDT_002@2ed94a8b]" name="setUp" is-config="true" duration-ms="32514" started-at="2020-09-04T10:47:50Z" finished-at="2020-09-04T10:48:22Z">
          <params>
            <param index="0">
              <value>
                <![CDATA[firefox]]>
              </value>
            </param>
          </params>
          <reporter-output>
          </reporter-output>
        </test-method> <!-- setUp -->
        <test-method status="PASS" signature="LogIn_Test(java.lang.String, java.lang.String)[pri:0, instance:com.STTA.testCases.TC_DataproviderDDT_002@2ed94a8b]" name="LogIn_Test" duration-ms="18709" started-at="2020-09-04T10:48:22Z" data-provider="LoginCredentials" finished-at="2020-09-04T10:48:41Z">
          <params>
            <param index="0">
              <value>
                <![CDATA[UserId1]]>
              </value>
            </param>
            <param index="1">
              <value>
                <![CDATA[Pass1]]>
              </value>
            </param>
          </params>
          <reporter-output>
          </reporter-output>
        </test-method> <!-- LogIn_Test -->
        <test-method status="PASS" signature="LogIn_Test(java.lang.String, java.lang.String)[pri:0, instance:com.STTA.testCases.TC_DataproviderDDT_002@2ed94a8b]" name="LogIn_Test" duration-ms="2877" started-at="2020-09-04T10:48:41Z" data-provider="LoginCredentials" finished-at="2020-09-04T10:48:44Z">
          <params>
            <param index="0">
              <value>
                <![CDATA[UserId2]]>
              </value>
            </param>
            <param index="1">
              <value>
                <![CDATA[Pass2]]>
              </value>
            </param>
          </params>
          <reporter-output>
          </reporter-output>
        </test-method> <!-- LogIn_Test -->
        <test-method status="PASS" signature="LogIn_Test(java.lang.String, java.lang.String)[pri:0, instance:com.STTA.testCases.TC_DataproviderDDT_002@2ed94a8b]" name="LogIn_Test" duration-ms="2550" started-at="2020-09-04T10:48:44Z" data-provider="LoginCredentials" finished-at="2020-09-04T10:48:46Z">
          <params>
            <param index="0">
              <value>
                <![CDATA[UserId3]]>
              </value>
            </param>
            <param index="1">
              <value>
                <![CDATA[Pass3]]>
              </value>
            </param>
          </params>
          <reporter-output>
          </reporter-output>
        </test-method> <!-- LogIn_Test -->
        <test-method status="PASS" signature="LogIn_Test(java.lang.String, java.lang.String)[pri:0, instance:com.STTA.testCases.TC_DataproviderDDT_002@2ed94a8b]" name="LogIn_Test" duration-ms="2356" started-at="2020-09-04T10:48:46Z" data-provider="LoginCredentials" finished-at="2020-09-04T10:48:49Z">
          <params>
            <param index="0">
              <value>
                <![CDATA[UserId4]]>
              </value>
            </param>
            <param index="1">
              <value>
                <![CDATA[Pass4]]>
              </value>
            </param>
          </params>
          <reporter-output>
          </reporter-output>
        </test-method> <!-- LogIn_Test -->
        <test-method status="PASS" signature="tearDown()[pri:0, instance:com.STTA.testCases.TC_DataproviderDDT_002@2ed94a8b]" name="tearDown" is-config="true" duration-ms="3405" started-at="2020-09-04T10:48:49Z" finished-at="2020-09-04T10:48:52Z">
          <reporter-output>
          </reporter-output>
        </test-method> <!-- tearDown -->
      </class> <!-- com.STTA.testCases.TC_DataproviderDDT_002 -->
      <class name="com.STTA.testCases.TC_ExtractOrReadTableData_19">
        <test-method status="PASS" signature="setUp(java.lang.String)[pri:0, instance:com.STTA.testCases.TC_ExtractOrReadTableData_19@1324409e]" name="setUp" is-config="true" duration-ms="7823" started-at="2020-09-04T10:53:40Z" finished-at="2020-09-04T10:53:48Z">
          <params>
            <param index="0">
              <value>
                <![CDATA[firefox]]>
              </value>
            </param>
          </params>
          <reporter-output>
          </reporter-output>
        </test-method> <!-- setUp -->
        <test-method status="PASS" signature="testExtractOrReadTableData()[pri:0, instance:com.STTA.testCases.TC_ExtractOrReadTableData_19@1324409e]" name="testExtractOrReadTableData" duration-ms="5055" started-at="2020-09-04T10:53:48Z" finished-at="2020-09-04T10:53:53Z">
          <reporter-output>
          </reporter-output>
        </test-method> <!-- testExtractOrReadTableData -->
        <test-method status="FAIL" signature="testmethodone()[pri:0, instance:com.STTA.testCases.TC_ExtractOrReadTableData_19@1324409e]" name="testmethodone" duration-ms="390" started-at="2020-09-04T10:53:53Z" finished-at="2020-09-04T10:53:54Z">
          <exception class="org.openqa.selenium.WebDriverException">
            <message>
              <![CDATA[Reached error page: about:neterror?e=dnsNotFound&u=http%3A//only-testing-blog.blogspot.in/2014/01/textbox.html&c=UTF-8&f=regular&d=We%20can%E2%80%99t%20connect%20to%20the%20server%20at%20only-testing-blog.blogspot.in.
Build info: version: '3.14.0', revision: 'aacccce0', time: '2018-08-02T20:19:58.91Z'
System info: host: 'SYSTEM', ip: '10.17.4.253', os.name: 'Windows 10', os.arch: 'amd64', os.version: '10.0', java.version: '1.8.0_241'
Driver info: org.openqa.selenium.firefox.FirefoxDriver
Capabilities {acceptInsecureCerts: true, browserName: firefox, browserVersion: 59.0, javascriptEnabled: true, moz:accessibilityChecks: false, moz:headless: false, moz:processID: 16016, moz:profile: C:\Users\Venkatakrishna\App..., moz:useNonSpecCompliantPointerOrigin: false, moz:webdriverClick: true, pageLoadStrategy: normal, platform: XP, platformName: XP, platformVersion: 10.0, rotatable: false, timeouts: {implicit: 0, pageLoad: 300000, script: 30000}}
Session ID: 294976a7-6401-4118-8856-44c6f8917bf1]]>
            </message>
            <full-stacktrace>
              <![CDATA[org.openqa.selenium.WebDriverException: Reached error page: about:neterror?e=dnsNotFound&u=http%3A//only-testing-blog.blogspot.in/2014/01/textbox.html&c=UTF-8&f=regular&d=We%20can%E2%80%99t%20connect%20to%20the%20server%20at%20only-testing-blog.blogspot.in.
Build info: version: '3.14.0', revision: 'aacccce0', time: '2018-08-02T20:19:58.91Z'
System info: host: 'SYSTEM', ip: '10.17.4.253', os.name: 'Windows 10', os.arch: 'amd64', os.version: '10.0', java.version: '1.8.0_241'
Driver info: org.openqa.selenium.firefox.FirefoxDriver
Capabilities {acceptInsecureCerts: true, browserName: firefox, browserVersion: 59.0, javascriptEnabled: true, moz:accessibilityChecks: false, moz:headless: false, moz:processID: 16016, moz:profile: C:\Users\Venkatakrishna\App..., moz:useNonSpecCompliantPointerOrigin: false, moz:webdriverClick: true, pageLoadStrategy: normal, platform: XP, platformName: XP, platformVersion: 10.0, rotatable: false, timeouts: {implicit: 0, pageLoad: 300000, script: 30000}}
Session ID: 294976a7-6401-4118-8856-44c6f8917bf1
at sun.reflect.NativeConstructorAccessorImpl.newInstance0(Native Method)
at sun.reflect.NativeConstructorAccessorImpl.newInstance(NativeConstructorAccessorImpl.java:62)
at sun.reflect.DelegatingConstructorAccessorImpl.newInstance(DelegatingConstructorAccessorImpl.java:45)
at java.lang.reflect.Constructor.newInstance(Constructor.java:423)
at org.openqa.selenium.remote.http.W3CHttpResponseCodec.createException(W3CHttpResponseCodec.java:187)
at org.openqa.selenium.remote.http.W3CHttpResponseCodec.decode(W3CHttpResponseCodec.java:122)
at org.openqa.selenium.remote.http.W3CHttpResponseCodec.decode(W3CHttpResponseCodec.java:49)
at org.openqa.selenium.remote.HttpCommandExecutor.execute(HttpCommandExecutor.java:158)
at org.openqa.selenium.remote.service.DriverCommandExecutor.execute(DriverCommandExecutor.java:83)
at org.openqa.selenium.remote.RemoteWebDriver.execute(RemoteWebDriver.java:548)
at org.openqa.selenium.remote.RemoteWebDriver.get(RemoteWebDriver.java:276)
at org.openqa.selenium.remote.RemoteWebDriver$RemoteNavigation.to(RemoteWebDriver.java:853)
at com.STTA.testCases.TC_ExtractOrReadTableData_19.testmethodone(TC_ExtractOrReadTableData_19.java:110)
at sun.reflect.NativeMethodAccessorImpl.invoke0(Native Method)
at sun.reflect.NativeMethodAccessorImpl.invoke(NativeMethodAccessorImpl.java:62)
at sun.reflect.DelegatingMethodAccessorImpl.invoke(DelegatingMethodAccessorImpl.java:43)
at java.lang.reflect.Method.invoke(Method.java:498)
at org.testng.internal.MethodInvocationHelper.invokeMethod(MethodInvocationHelper.java:124)
at org.testng.internal.Invoker.invokeMethod(Invoker.java:583)
at org.testng.internal.Invoker.invokeTestMethod(Invoker.java:719)
at org.testng.internal.Invoker.invokeTestMethods(Invoker.java:989)
at org.testng.internal.TestMethodWorker.invokeTestMethods(TestMethodWorker.java:125)
at org.testng.internal.TestMethodWorker.run(TestMethodWorker.java:109)
at org.testng.TestRunner.privateRun(TestRunner.java:648)
at org.testng.TestRunner.run(TestRunner.java:505)
at org.testng.SuiteRunner.runTest(SuiteRunner.java:455)
at org.testng.SuiteRunner.runSequentially(SuiteRunner.java:450)
at org.testng.SuiteRunner.privateRun(SuiteRunner.java:415)
at org.testng.SuiteRunner.run(SuiteRunner.java:364)
at org.testng.SuiteRunnerWorker.runSuite(SuiteRunnerWorker.java:52)
at org.testng.SuiteRunnerWorker.run(SuiteRunnerWorker.java:84)
at org.testng.TestNG.runSuitesSequentially(TestNG.java:1208)
at org.testng.TestNG.runSuitesLocally(TestNG.java:1137)
at org.testng.TestNG.runSuites(TestNG.java:1049)
at org.testng.TestNG.run(TestNG.java:1017)
at org.apache.maven.surefire.testng.TestNGExecutor.run(TestNGExecutor.java:295)
at org.apache.maven.surefire.testng.TestNGXmlTestSuite.execute(TestNGXmlTestSuite.java:84)
at org.apache.maven.surefire.testng.TestNGProvider.invoke(TestNGProvider.java:90)
at org.apache.maven.surefire.booter.ForkedBooter.invokeProviderInSameClassLoader(ForkedBooter.java:203)
at org.apache.maven.surefire.booter.ForkedBooter.runSuitesInProcess(ForkedBooter.java:155)
at org.apache.maven.surefire.booter.ForkedBooter.main(ForkedBooter.java:103)
]]>
            </full-stacktrace>
          </exception> <!-- org.openqa.selenium.WebDriverException -->
          <reporter-output>
          </reporter-output>
        </test-method> <!-- testmethodone -->
        <test-method status="PASS" signature="tearDown()[pri:0, instance:com.STTA.testCases.TC_ExtractOrReadTableData_19@1324409e]" name="tearDown" is-config="true" duration-ms="2249" started-at="2020-09-04T10:53:54Z" finished-at="2020-09-04T10:53:56Z">
          <reporter-output>
          </reporter-output>
        </test-method> <!-- tearDown -->
      </class> <!-- com.STTA.testCases.TC_ExtractOrReadTableData_19 -->
      <class name="com.STTA.testCases.TC_HandlingMultipleBrowserWindows_010">
        <test-method status="PASS" signature="setUp(java.lang.String)[pri:0, instance:com.STTA.testCases.TC_HandlingMultipleBrowserWindows_010@3b81a1bc]" name="setUp" is-config="true" duration-ms="11196" started-at="2020-09-04T10:51:11Z" finished-at="2020-09-04T10:51:22Z">
          <params>
            <param index="0">
              <value>
                <![CDATA[firefox]]>
              </value>
            </param>
          </params>
          <reporter-output>
          </reporter-output>
        </test-method> <!-- setUp -->
        <test-method status="FAIL" signature="testHandlingMultipleBrowserWindows()[pri:0, instance:com.STTA.testCases.TC_HandlingMultipleBrowserWindows_010@3b81a1bc]" name="testHandlingMultipleBrowserWindows" duration-ms="18972" started-at="2020-09-04T10:51:22Z" finished-at="2020-09-04T10:51:41Z">
          <exception class="org.openqa.selenium.NoSuchElementException">
            <message>
              <![CDATA[Unable to locate element: //input[@name='fname']
For documentation on this error, please visit: http://seleniumhq.org/exceptions/no_such_element.html
Build info: version: '3.14.0', revision: 'aacccce0', time: '2018-08-02T20:19:58.91Z'
System info: host: 'SYSTEM', ip: '10.17.4.253', os.name: 'Windows 10', os.arch: 'amd64', os.version: '10.0', java.version: '1.8.0_241'
Driver info: org.openqa.selenium.firefox.FirefoxDriver
Capabilities {acceptInsecureCerts: true, browserName: firefox, browserVersion: 59.0, javascriptEnabled: true, moz:accessibilityChecks: false, moz:headless: false, moz:processID: 20028, moz:profile: C:\Users\Venkatakrishna\App..., moz:useNonSpecCompliantPointerOrigin: false, moz:webdriverClick: true, pageLoadStrategy: normal, platform: XP, platformName: XP, platformVersion: 10.0, rotatable: false, timeouts: {implicit: 0, pageLoad: 300000, script: 30000}}
Session ID: 17b85ba1-27b5-4288-8079-f2dbb2edcddd
*** Element info: {Using=xpath, value=//input[@name='fname']}]]>
            </message>
            <full-stacktrace>
              <![CDATA[org.openqa.selenium.NoSuchElementException: Unable to locate element: //input[@name='fname']
For documentation on this error, please visit: http://seleniumhq.org/exceptions/no_such_element.html
Build info: version: '3.14.0', revision: 'aacccce0', time: '2018-08-02T20:19:58.91Z'
System info: host: 'SYSTEM', ip: '10.17.4.253', os.name: 'Windows 10', os.arch: 'amd64', os.version: '10.0', java.version: '1.8.0_241'
Driver info: org.openqa.selenium.firefox.FirefoxDriver
Capabilities {acceptInsecureCerts: true, browserName: firefox, browserVersion: 59.0, javascriptEnabled: true, moz:accessibilityChecks: false, moz:headless: false, moz:processID: 20028, moz:profile: C:\Users\Venkatakrishna\App..., moz:useNonSpecCompliantPointerOrigin: false, moz:webdriverClick: true, pageLoadStrategy: normal, platform: XP, platformName: XP, platformVersion: 10.0, rotatable: false, timeouts: {implicit: 0, pageLoad: 300000, script: 30000}}
Session ID: 17b85ba1-27b5-4288-8079-f2dbb2edcddd
*** Element info: {Using=xpath, value=//input[@name='fname']}
at sun.reflect.NativeConstructorAccessorImpl.newInstance0(Native Method)
at sun.reflect.NativeConstructorAccessorImpl.newInstance(NativeConstructorAccessorImpl.java:62)
at sun.reflect.DelegatingConstructorAccessorImpl.newInstance(DelegatingConstructorAccessorImpl.java:45)
at java.lang.reflect.Constructor.newInstance(Constructor.java:423)
at org.openqa.selenium.remote.http.W3CHttpResponseCodec.createException(W3CHttpResponseCodec.java:187)
at org.openqa.selenium.remote.http.W3CHttpResponseCodec.decode(W3CHttpResponseCodec.java:122)
at org.openqa.selenium.remote.http.W3CHttpResponseCodec.decode(W3CHttpResponseCodec.java:49)
at org.openqa.selenium.remote.HttpCommandExecutor.execute(HttpCommandExecutor.java:158)
at org.openqa.selenium.remote.service.DriverCommandExecutor.execute(DriverCommandExecutor.java:83)
at org.openqa.selenium.remote.RemoteWebDriver.execute(RemoteWebDriver.java:548)
at org.openqa.selenium.remote.RemoteWebDriver.findElement(RemoteWebDriver.java:322)
at org.openqa.selenium.remote.RemoteWebDriver.findElementByXPath(RemoteWebDriver.java:424)
at org.openqa.selenium.By$ByXPath.findElement(By.java:353)
at org.openqa.selenium.remote.RemoteWebDriver.findElement(RemoteWebDriver.java:314)
at com.STTA.testCases.TC_HandlingMultipleBrowserWindows_010.testHandlingMultipleBrowserWindows(TC_HandlingMultipleBrowserWindows_010.java:56)
at sun.reflect.NativeMethodAccessorImpl.invoke0(Native Method)
at sun.reflect.NativeMethodAccessorImpl.invoke(NativeMethodAccessorImpl.java:62)
at sun.reflect.DelegatingMethodAccessorImpl.invoke(DelegatingMethodAccessorImpl.java:43)
at java.lang.reflect.Method.invoke(Method.java:498)
at org.testng.internal.MethodInvocationHelper.invokeMethod(MethodInvocationHelper.java:124)
at org.testng.internal.Invoker.invokeMethod(Invoker.java:583)
at org.testng.internal.Invoker.invokeTestMethod(Invoker.java:719)
at org.testng.internal.Invoker.invokeTestMethods(Invoker.java:989)
at org.testng.internal.TestMethodWorker.invokeTestMethods(TestMethodWorker.java:125)
at org.testng.internal.TestMethodWorker.run(TestMethodWorker.java:109)
at org.testng.TestRunner.privateRun(TestRunner.java:648)
at org.testng.TestRunner.run(TestRunner.java:505)
at org.testng.SuiteRunner.runTest(SuiteRunner.java:455)
at org.testng.SuiteRunner.runSequentially(SuiteRunner.java:450)
at org.testng.SuiteRunner.privateRun(SuiteRunner.java:415)
at org.testng.SuiteRunner.run(SuiteRunner.java:364)
at org.testng.SuiteRunnerWorker.runSuite(SuiteRunnerWorker.java:52)
at org.testng.SuiteRunnerWorker.run(SuiteRunnerWorker.java:84)
at org.testng.TestNG.runSuitesSequentially(TestNG.java:1208)
at org.testng.TestNG.runSuitesLocally(TestNG.java:1137)
at org.testng.TestNG.runSuites(TestNG.java:1049)
at org.testng.TestNG.run(TestNG.java:1017)
at org.apache.maven.surefire.testng.TestNGExecutor.run(TestNGExecutor.java:295)
at org.apache.maven.surefire.testng.TestNGXmlTestSuite.execute(TestNGXmlTestSuite.java:84)
at org.apache.maven.surefire.testng.TestNGProvider.invoke(TestNGProvider.java:90)
at org.apache.maven.surefire.booter.ForkedBooter.invokeProviderInSameClassLoader(ForkedBooter.java:203)
at org.apache.maven.surefire.booter.ForkedBooter.runSuitesInProcess(ForkedBooter.java:155)
at org.apache.maven.surefire.booter.ForkedBooter.main(ForkedBooter.java:103)
]]>
            </full-stacktrace>
          </exception> <!-- org.openqa.selenium.NoSuchElementException -->
          <reporter-output>
          </reporter-output>
        </test-method> <!-- testHandlingMultipleBrowserWindows -->
        <test-method status="PASS" signature="tearDown()[pri:0, instance:com.STTA.testCases.TC_HandlingMultipleBrowserWindows_010@3b81a1bc]" name="tearDown" is-config="true" duration-ms="2435" started-at="2020-09-04T10:51:41Z" finished-at="2020-09-04T10:51:44Z">
          <reporter-output>
          </reporter-output>
        </test-method> <!-- tearDown -->
      </class> <!-- com.STTA.testCases.TC_HandlingMultipleBrowserWindows_010 -->
      <class name="com.STTA.testCases.TC_GeneratingMouseHoverEventOnMainMenuToClickOnSubMenu_009">
        <test-method status="PASS" signature="setUp(java.lang.String)[pri:0, instance:com.STTA.testCases.TC_GeneratingMouseHoverEventOnMainMenuToClickOnSubMenu_009@5f2050f6]" name="setUp" is-config="true" duration-ms="19354" started-at="2020-09-04T10:50:42Z" finished-at="2020-09-04T10:51:01Z">
          <params>
            <param index="0">
              <value>
                <![CDATA[firefox]]>
              </value>
            </param>
          </params>
          <reporter-output>
          </reporter-output>
        </test-method> <!-- setUp -->
        <test-method status="PASS" signature="testGeneratingMouseHoverEventOnMainMenuToClickOnSubMenu()[pri:0, instance:com.STTA.testCases.TC_GeneratingMouseHoverEventOnMainMenuToClickOnSubMenu_009@5f2050f6]" name="testGeneratingMouseHoverEventOnMainMenuToClickOnSubMenu" duration-ms="6992" started-at="2020-09-04T10:51:01Z" finished-at="2020-09-04T10:51:08Z">
          <reporter-output>
          </reporter-output>
        </test-method> <!-- testGeneratingMouseHoverEventOnMainMenuToClickOnSubMenu -->
        <test-method status="PASS" signature="tearDown()[pri:0, instance:com.STTA.testCases.TC_GeneratingMouseHoverEventOnMainMenuToClickOnSubMenu_009@5f2050f6]" name="tearDown" is-config="true" duration-ms="2863" started-at="2020-09-04T10:51:08Z" finished-at="2020-09-04T10:51:11Z">
          <reporter-output>
          </reporter-output>
        </test-method> <!-- tearDown -->
      </class> <!-- com.STTA.testCases.TC_GeneratingMouseHoverEventOnMainMenuToClickOnSubMenu_009 -->
      <class name="com.STTA.testCases.TC_GetHeightAndWidthOfElement_033">
        <test-method status="PASS" signature="setUp(java.lang.String)[pri:0, instance:com.STTA.testCases.TC_GetHeightAndWidthOfElement_033@60addb54]" name="setUp" is-config="true" duration-ms="8094" started-at="2020-09-04T10:57:11Z" finished-at="2020-09-04T10:57:19Z">
          <params>
            <param index="0">
              <value>
                <![CDATA[firefox]]>
              </value>
            </param>
          </params>
          <reporter-output>
          </reporter-output>
        </test-method> <!-- setUp -->
        <test-method status="PASS" signature="testGetHeightAndWidthOfElement()[pri:0, instance:com.STTA.testCases.TC_GetHeightAndWidthOfElement_033@60addb54]" name="testGetHeightAndWidthOfElement" duration-ms="8938" started-at="2020-09-04T10:57:19Z" finished-at="2020-09-04T10:57:28Z">
          <reporter-output>
          </reporter-output>
        </test-method> <!-- testGetHeightAndWidthOfElement -->
        <test-method status="PASS" signature="tearDown()[pri:0, instance:com.STTA.testCases.TC_GetHeightAndWidthOfElement_033@60addb54]" name="tearDown" is-config="true" duration-ms="2362" started-at="2020-09-04T10:57:28Z" finished-at="2020-09-04T10:57:30Z">
          <reporter-output>
          </reporter-output>
        </test-method> <!-- tearDown -->
      </class> <!-- com.STTA.testCases.TC_GetHeightAndWidthOfElement_033 -->
      <class name="com.STTA.testCases.TC_AlertPopUpHandleNaveen_027">
        <test-method status="PASS" signature="setUp(java.lang.String)[pri:0, instance:com.STTA.testCases.TC_AlertPopUpHandleNaveen_027@5315b42e]" name="setUp" is-config="true" duration-ms="9619" started-at="2020-09-04T10:55:09Z" finished-at="2020-09-04T10:55:18Z">
          <params>
            <param index="0">
              <value>
                <![CDATA[firefox]]>
              </value>
            </param>
          </params>
          <reporter-output>
          </reporter-output>
        </test-method> <!-- setUp -->
        <test-method status="PASS" signature="testAlertPopUpHandleNaveen()[pri:0, instance:com.STTA.testCases.TC_AlertPopUpHandleNaveen_027@5315b42e]" name="testAlertPopUpHandleNaveen" duration-ms="8652" started-at="2020-09-04T10:55:18Z" finished-at="2020-09-04T10:55:27Z">
          <reporter-output>
          </reporter-output>
        </test-method> <!-- testAlertPopUpHandleNaveen -->
        <test-method status="PASS" signature="tearDown()[pri:0, instance:com.STTA.testCases.TC_AlertPopUpHandleNaveen_027@5315b42e]" name="tearDown" is-config="true" duration-ms="3322" started-at="2020-09-04T10:55:27Z" finished-at="2020-09-04T10:55:30Z">
          <reporter-output>
          </reporter-output>
        </test-method> <!-- tearDown -->
      </class> <!-- com.STTA.testCases.TC_AlertPopUpHandleNaveen_027 -->
      <class name="com.STTA.testCases.TC_ZoomInAndZoomOutPage_034">
        <test-method status="PASS" signature="setUp(java.lang.String)[pri:0, instance:com.STTA.testCases.TC_ZoomInAndZoomOutPage_034@3f2a3a5]" name="setUp" is-config="true" duration-ms="9692" started-at="2020-09-04T10:57:30Z" finished-at="2020-09-04T10:57:40Z">
          <params>
            <param index="0">
              <value>
                <![CDATA[firefox]]>
              </value>
            </param>
          </params>
          <reporter-output>
          </reporter-output>
        </test-method> <!-- setUp -->
        <test-method status="PASS" signature="testZoomInAndZoomOutPage()[pri:0, instance:com.STTA.testCases.TC_ZoomInAndZoomOutPage_034@3f2a3a5]" name="testZoomInAndZoomOutPage" duration-ms="20773" started-at="2020-09-04T10:57:40Z" finished-at="2020-09-04T10:58:01Z">
          <reporter-output>
          </reporter-output>
        </test-method> <!-- testZoomInAndZoomOutPage -->
        <test-method status="PASS" signature="tearDown()[pri:0, instance:com.STTA.testCases.TC_ZoomInAndZoomOutPage_034@3f2a3a5]" name="tearDown" is-config="true" duration-ms="3364" started-at="2020-09-04T10:58:01Z" finished-at="2020-09-04T10:58:04Z">
          <reporter-output>
          </reporter-output>
        </test-method> <!-- tearDown -->
      </class> <!-- com.STTA.testCases.TC_ZoomInAndZoomOutPage_034 -->
      <class name="com.STTA.testCases.TC_ReadingFontProperties_014">
        <test-method status="PASS" signature="setUp(java.lang.String)[pri:0, instance:com.STTA.testCases.TC_ReadingFontProperties_014@13fee20c]" name="setUp" is-config="true" duration-ms="9491" started-at="2020-09-04T10:52:08Z" finished-at="2020-09-04T10:52:17Z">
          <params>
            <param index="0">
              <value>
                <![CDATA[firefox]]>
              </value>
            </param>
          </params>
          <reporter-output>
          </reporter-output>
        </test-method> <!-- setUp -->
        <test-method status="PASS" signature="testReadingFontProperties()[pri:0, instance:com.STTA.testCases.TC_ReadingFontProperties_014@13fee20c]" name="testReadingFontProperties" duration-ms="2918" started-at="2020-09-04T10:52:17Z" finished-at="2020-09-04T10:52:20Z">
          <reporter-output>
          </reporter-output>
        </test-method> <!-- testReadingFontProperties -->
        <test-method status="PASS" signature="tearDown()[pri:0, instance:com.STTA.testCases.TC_ReadingFontProperties_014@13fee20c]" name="tearDown" is-config="true" duration-ms="2456" started-at="2020-09-04T10:52:20Z" finished-at="2020-09-04T10:52:23Z">
          <reporter-output>
          </reporter-output>
        </test-method> <!-- tearDown -->
      </class> <!-- com.STTA.testCases.TC_ReadingFontProperties_014 -->
      <class name="com.STTA.testCases.TC_DragAndDropElementByPixelXY_026">
        <test-method status="PASS" signature="setUp(java.lang.String)[pri:0, instance:com.STTA.testCases.TC_DragAndDropElementByPixelXY_026@62043840]" name="setUp" is-config="true" duration-ms="7544" started-at="2020-09-04T10:54:37Z" finished-at="2020-09-04T10:54:44Z">
          <params>
            <param index="0">
              <value>
                <![CDATA[firefox]]>
              </value>
            </param>
          </params>
          <reporter-output>
          </reporter-output>
        </test-method> <!-- setUp -->
        <test-method status="PASS" signature="testDragAndDropElementByPixelXY()[pri:0, instance:com.STTA.testCases.TC_DragAndDropElementByPixelXY_026@62043840]" name="testDragAndDropElementByPixelXY" duration-ms="22459" started-at="2020-09-04T10:54:44Z" finished-at="2020-09-04T10:55:07Z">
          <reporter-output>
          </reporter-output>
        </test-method> <!-- testDragAndDropElementByPixelXY -->
        <test-method status="PASS" signature="tearDown()[pri:0, instance:com.STTA.testCases.TC_DragAndDropElementByPixelXY_026@62043840]" name="tearDown" is-config="true" duration-ms="2352" started-at="2020-09-04T10:55:07Z" finished-at="2020-09-04T10:55:09Z">
          <reporter-output>
          </reporter-output>
        </test-method> <!-- tearDown -->
      </class> <!-- com.STTA.testCases.TC_DragAndDropElementByPixelXY_026 -->
      <class name="com.STTA.testCases.TC_DiifBetweenSubmitAndClick_007">
        <test-method status="PASS" signature="setUp(java.lang.String)[pri:0, instance:com.STTA.testCases.TC_DiifBetweenSubmitAndClick_007@783e6358]" name="setUp" is-config="true" duration-ms="7816" started-at="2020-09-04T10:52:39Z" finished-at="2020-09-04T10:52:47Z">
          <params>
            <param index="0">
              <value>
                <![CDATA[firefox]]>
              </value>
            </param>
          </params>
          <reporter-output>
          </reporter-output>
        </test-method> <!-- setUp -->
        <test-method status="PASS" signature="testDiffBetClickAndSubmit()[pri:0, instance:com.STTA.testCases.TC_DiifBetweenSubmitAndClick_007@783e6358]" name="testDiffBetClickAndSubmit" duration-ms="3652" started-at="2020-09-04T10:52:47Z" finished-at="2020-09-04T10:52:50Z">
          <reporter-output>
          </reporter-output>
        </test-method> <!-- testDiffBetClickAndSubmit -->
        <test-method status="PASS" signature="tearDown()[pri:0, instance:com.STTA.testCases.TC_DiifBetweenSubmitAndClick_007@783e6358]" name="tearDown" is-config="true" duration-ms="3316" started-at="2020-09-04T10:52:50Z" finished-at="2020-09-04T10:52:54Z">
          <reporter-output>
          </reporter-output>
        </test-method> <!-- tearDown -->
      </class> <!-- com.STTA.testCases.TC_DiifBetweenSubmitAndClick_007 -->
      <class name="com.STTA.testCases.TC_DiffBetFindElementAndFindElements_015">
        <test-method status="PASS" signature="setUp(java.lang.String)[pri:0, instance:com.STTA.testCases.TC_DiffBetFindElementAndFindElements_015@4e04a765]" name="setUp" is-config="true" duration-ms="8228" started-at="2020-09-04T10:52:23Z" finished-at="2020-09-04T10:52:31Z">
          <params>
            <param index="0">
              <value>
                <![CDATA[firefox]]>
              </value>
            </param>
          </params>
          <reporter-output>
          </reporter-output>
        </test-method> <!-- setUp -->
        <test-method status="PASS" signature="testDiffBetFindElementAndFindElements()[pri:0, instance:com.STTA.testCases.TC_DiffBetFindElementAndFindElements_015@4e04a765]" name="testDiffBetFindElementAndFindElements" duration-ms="5756" started-at="2020-09-04T10:52:31Z" finished-at="2020-09-04T10:52:37Z">
          <reporter-output>
          </reporter-output>
        </test-method> <!-- testDiffBetFindElementAndFindElements -->
        <test-method status="PASS" signature="tearDown()[pri:0, instance:com.STTA.testCases.TC_DiffBetFindElementAndFindElements_015@4e04a765]" name="tearDown" is-config="true" duration-ms="2170" started-at="2020-09-04T10:52:37Z" finished-at="2020-09-04T10:52:39Z">
          <reporter-output>
          </reporter-output>
        </test-method> <!-- tearDown -->
      </class> <!-- com.STTA.testCases.TC_DiffBetFindElementAndFindElements_015 -->
    </test> <!--  Ecommerce Application Test  -->
  </suite> <!-- SoftwareTestingTutorialsandAutomation -->
</testng-results>
