<!DOCTYPE html PUBLIC "-//W3C//DTD XHTML 1.1//EN" "http://www.w3.org/TR/xhtml11/DTD/xhtml11.dtd">
<html xmlns="http://www.w3.org/1999/xhtml">
<head>
<meta http-equiv="content-type" content="text/html; charset=UTF-8"/>
<title>TestNG Report</title>
<style type="text/css">table {margin-bottom:10px;border-collapse:collapse;empty-cells:show}th,td {border:1px solid #009;padding:.25em .5em}th {vertical-align:bottom}td {vertical-align:top}table a {font-weight:bold}.stripe td {background-color: #E6EBF9}.num {text-align:right}.passedodd td {background-color: #3F3}.passedeven td {background-color: #0A0}.skippedodd td {background-color: #DDD}.skippedeven td {background-color: #CCC}.failedodd td,.attn {background-color: #F33}.failedeven td,.stripe .attn {background-color: #D00}.stacktrace {white-space:pre;font-family:monospace}.totop {font-size:85%;text-align:center;border-bottom:2px solid #000}.invisible {display:none}</style>
</head>
<body>
<table>
<tr><th>Test</th><th># Passed</th><th># Skipped</th><th># Failed</th><th>Time (ms)</th><th>Included Groups</th><th>Excluded Groups</th></tr>
<tr><th colspan="7">SoftwareTestingTutorialsandAutomation</th></tr>
<tr><td><a href="#t0"> Ecommerce Application Test </a></td><td class="num">25</td><td class="num attn">1</td><td class="num">0</td><td class="num">612,639</td><td></td><td></td></tr>
</table>
<table id='summary'><thead><tr><th>Class</th><th>Method</th><th>Start</th><th>Time (ms)</th></tr></thead><tbody><tr><th colspan="4">SoftwareTestingTutorialsandAutomation</th></tr></tbody><tbody id="t0"><tr><th colspan="4"> Ecommerce Application Test  &#8212; failed (configuration methods)</th></tr><tr class="failedeven"><td rowspan="1">com.STTA.testCases.TC_DragAndDropAnElement_001</td><td><a href="#m0">setUp</a></td><td rowspan="1">1586704444583</td><td rowspan="1">27202</td></tr><tr><th colspan="4"> Ecommerce Application Test  &#8212; skipped (configuration methods)</th></tr><tr class="skippedeven"><td rowspan="1">com.STTA.testCases.TC_DragAndDropAnElement_001</td><td><a href="#m1">tearDown</a></td><td rowspan="1">1586704471959</td><td rowspan="1">0</td></tr><tr><th colspan="4"> Ecommerce Application Test  &#8212; skipped</th></tr><tr class="skippedeven"><td rowspan="1">com.STTA.testCases.TC_DragAndDropAnElement_001</td><td><a href="#m2">testdragAndDrop</a></td><td rowspan="1">1586704471887</td><td rowspan="1">0</td></tr><tr><th colspan="4"> Ecommerce Application Test  &#8212; passed</th></tr><tr class="passedeven"><td rowspan="1">com.STTA.testCases.TC_CaptureScreenShot_008</td><td><a href="#m3">testCaptureScreenshot</a></td><td rowspan="1">1586704650784</td><td rowspan="1">4704</td></tr><tr class="passedodd"><td rowspan="4">com.STTA.testCases.TC_DataproviderDDT_002</td><td><a href="#m4">LogIn_Test</a></td><td rowspan="4">1586704539021</td><td rowspan="4">6099</td></tr><tr class="passedodd"><td><a href="#m5">LogIn_Test</a></td></tr><tr class="passedodd"><td><a href="#m6">LogIn_Test</a></td></tr><tr class="passedodd"><td><a href="#m7">LogIn_Test</a></td></tr><tr class="passedeven"><td rowspan="1">com.STTA.testCases.TC_DiffBetFindElementAndFindElements_015</td><td><a href="#m8">testDiffBetFindElementAndFindElements</a></td><td rowspan="1">1586704839785</td><td rowspan="1">5958</td></tr><tr class="passedodd"><td rowspan="1">com.STTA.testCases.TC_DiifBetweenSubmitAndClick_007</td><td><a href="#m9">testDiffBetClickAndSubmit</a></td><td rowspan="1">1586704858714</td><td rowspan="1">10307</td></tr><tr class="passedeven"><td rowspan="1">com.STTA.testCases.TC_DragAndDropElementByPixelXY_026</td><td><a href="#m10">testDragAndDropElementByPixelXY</a></td><td rowspan="1">1586705028957</td><td rowspan="1">24719</td></tr><tr class="passedodd"><td rowspan="2">com.STTA.testCases.TC_ExtractOrReadTableData_19</td><td><a href="#m11">testExtractOrReadTableData</a></td><td rowspan="1">1586704947499</td><td rowspan="1">7132</td></tr><tr class="passedodd"><td><a href="#m12">testmethodone</a></td><td rowspan="1">1586704954633</td><td rowspan="1">3381</td></tr><tr class="passedeven"><td rowspan="2">com.STTA.testCases.TC_ExtractingAllTextFieldsFromWebPage_018</td><td><a href="#m13">testExtractingAllTextFieldsFromWebPage</a></td><td rowspan="1">1586704922776</td><td rowspan="1">8687</td></tr><tr class="passedeven"><td><a href="#m14">testMethod</a></td><td rowspan="1">1586704931465</td><td rowspan="1">2</td></tr><tr class="passedodd"><td rowspan="1">com.STTA.testCases.TC_GeneratingMouseHoverEventOnMainMenuToClickOnSubMenu_009</td><td><a href="#m15">testGeneratingMouseHoverEventOnMainMenuToClickOnSubMenu</a></td><td rowspan="1">1586704668585</td><td rowspan="1">12664</td></tr><tr class="passedeven"><td rowspan="1">com.STTA.testCases.TC_GetOrExtractAllLinksFromWebPage_017</td><td><a href="#m16">testGetOrExtractAllLinksFromWebPage</a></td><td rowspan="1">1586704905113</td><td rowspan="1">5490</td></tr><tr class="passedodd"><td rowspan="2">com.STTA.testCases.TC_HandleCheckbox_004</td><td><a href="#m17">testCheckbox</a></td><td rowspan="1">1586704590013</td><td rowspan="1">4800</td></tr><tr class="passedodd"><td><a href="#m18">testmethodone</a></td><td rowspan="1">1586704594818</td><td rowspan="1">3287</td></tr><tr class="passedeven"><td rowspan="1">com.STTA.testCases.TC_HandleDynamicWebTable_020</td><td><a href="#m19">testHandleDynamicWebTable</a></td><td rowspan="1">1586704971958</td><td rowspan="1">6105</td></tr><tr class="passedodd"><td rowspan="1">com.STTA.testCases.TC_HandlingJSAlerts_012</td><td><a href="#m20">testHandlingJSAlerts</a></td><td rowspan="1">1586704752119</td><td rowspan="1">13673</td></tr><tr class="passedeven"><td rowspan="1">com.STTA.testCases.TC_HandlingMultipleBrowserWindows_010</td><td><a href="#m21">testHandlingMultipleBrowserWindows</a></td><td rowspan="1">1586704697253</td><td rowspan="1">32864</td></tr><tr class="passedodd"><td rowspan="1">com.STTA.testCases.TC_HighlightElement_013</td><td><a href="#m22">testHighlightElement</a></td><td rowspan="1">1586704781808</td><td rowspan="1">17699</td></tr><tr class="passedeven"><td rowspan="1">com.STTA.testCases.TC_IEBrowserSampleTest_003</td><td><a href="#m23">testCal</a></td><td rowspan="1">1586704568696</td><td rowspan="1">6309</td></tr><tr class="passedodd"><td rowspan="1">com.STTA.testCases.TC_NavigationCommands_005</td><td><a href="#m24">testBrowsercmds</a></td><td rowspan="1">1586704613014</td><td rowspan="1">21072</td></tr><tr class="passedeven"><td rowspan="1">com.STTA.testCases.TC_ObjectRepositoryUsingPropertiesFile_016</td><td><a href="#m25">testObjectRepositoryUsingPropertiesFile</a></td><td rowspan="1">1586704887372</td><td rowspan="1">5501</td></tr><tr class="passedodd"><td rowspan="1">com.STTA.testCases.TC_ParameterizationOrDataDrivenTesting_022</td><td><a href="#m26">testDDTorParameterization</a></td><td rowspan="1">1586704991058</td><td rowspan="1">23794</td></tr><tr class="passedeven"><td rowspan="1">com.STTA.testCases.TC_ReadingFontProperties_014</td><td><a href="#m27">testReadingFontProperties</a></td><td rowspan="1">1586704819642</td><td rowspan="1">5577</td></tr></tbody>
</table>
<h2> Ecommerce Application Test </h2><h3 id="m0">com.STTA.testCases.TC_DragAndDropAnElement_001#setUp</h3><table class="result"><tr class="param"><th>Parameter #1</th></tr><tr class="param stripe"><td>chrome</td></tr><tr><th>Exception</th></tr><tr><td><div class="stacktrace">org.openqa.selenium.WebDriverException: Timed out waiting for driver server to start.
Build info: version: &apos;3.14.0&apos;, revision: &apos;aacccce0&apos;, time: &apos;2018-08-02T20:19:58.91Z&apos;
System info: host: &apos;SYSTEM&apos;, ip: &apos;192.168.43.121&apos;, os.name: &apos;Windows 10&apos;, os.arch: &apos;amd64&apos;, os.version: &apos;10.0&apos;, java.version: &apos;1.8.0_241&apos;
Driver info: driver.version: ChromeDriver
	at org.openqa.selenium.remote.service.DriverService.waitUntilAvailable(DriverService.java:193)
	at org.openqa.selenium.remote.service.DriverService.start(DriverService.java:179)
	at org.openqa.selenium.remote.service.DriverCommandExecutor.execute(DriverCommandExecutor.java:79)
	at org.openqa.selenium.remote.RemoteWebDriver.execute(RemoteWebDriver.java:548)
	at org.openqa.selenium.remote.RemoteWebDriver.startSession(RemoteWebDriver.java:212)
	at org.openqa.selenium.remote.RemoteWebDriver.&lt;init&gt;(RemoteWebDriver.java:130)
	at org.openqa.selenium.chrome.ChromeDriver.&lt;init&gt;(ChromeDriver.java:181)
	at org.openqa.selenium.chrome.ChromeDriver.&lt;init&gt;(ChromeDriver.java:168)
	at org.openqa.selenium.chrome.ChromeDriver.&lt;init&gt;(ChromeDriver.java:123)
	at com.STTA.testCases.BaseClass.setUp(BaseClass.java:66)
Caused by: org.openqa.selenium.net.UrlChecker$TimeoutException: Timed out waiting for [http://localhost:17177/status] to be available after 20069 ms
	at org.openqa.selenium.net.UrlChecker.waitUntilAvailable(UrlChecker.java:100)
	at org.openqa.selenium.remote.service.DriverService.waitUntilAvailable(DriverService.java:188)
	... 35 more
Caused by: java.util.concurrent.TimeoutException
	at java.util.concurrent.FutureTask.get(FutureTask.java:205)
	at com.google.common.util.concurrent.SimpleTimeLimiter.callWithTimeout(SimpleTimeLimiter.java:156)
	at org.openqa.selenium.net.UrlChecker.waitUntilAvailable(UrlChecker.java:75)
	... 36 more
... Removed 26 stack frames</div></td></tr></table><p class="totop"><a href="#summary">back to summary</a></p>
<h3 id="m1">com.STTA.testCases.TC_DragAndDropAnElement_001#tearDown</h3><table class="result"><tr><th class="invisible"/></tr></table><p class="totop"><a href="#summary">back to summary</a></p>
<h3 id="m2">com.STTA.testCases.TC_DragAndDropAnElement_001#testdragAndDrop</h3><table class="result"><tr><th>Exception</th></tr><tr><td><div class="stacktrace">org.openqa.selenium.WebDriverException: Timed out waiting for driver server to start.
Build info: version: &apos;3.14.0&apos;, revision: &apos;aacccce0&apos;, time: &apos;2018-08-02T20:19:58.91Z&apos;
System info: host: &apos;SYSTEM&apos;, ip: &apos;192.168.43.121&apos;, os.name: &apos;Windows 10&apos;, os.arch: &apos;amd64&apos;, os.version: &apos;10.0&apos;, java.version: &apos;1.8.0_241&apos;
Driver info: driver.version: ChromeDriver
	at org.openqa.selenium.remote.service.DriverService.waitUntilAvailable(DriverService.java:193)
	at org.openqa.selenium.remote.service.DriverService.start(DriverService.java:179)
	at org.openqa.selenium.remote.service.DriverCommandExecutor.execute(DriverCommandExecutor.java:79)
	at org.openqa.selenium.remote.RemoteWebDriver.execute(RemoteWebDriver.java:548)
	at org.openqa.selenium.remote.RemoteWebDriver.startSession(RemoteWebDriver.java:212)
	at org.openqa.selenium.remote.RemoteWebDriver.&lt;init&gt;(RemoteWebDriver.java:130)
	at org.openqa.selenium.chrome.ChromeDriver.&lt;init&gt;(ChromeDriver.java:181)
	at org.openqa.selenium.chrome.ChromeDriver.&lt;init&gt;(ChromeDriver.java:168)
	at org.openqa.selenium.chrome.ChromeDriver.&lt;init&gt;(ChromeDriver.java:123)
	at com.STTA.testCases.BaseClass.setUp(BaseClass.java:66)
Caused by: org.openqa.selenium.net.UrlChecker$TimeoutException: Timed out waiting for [http://localhost:17177/status] to be available after 20069 ms
	at org.openqa.selenium.net.UrlChecker.waitUntilAvailable(UrlChecker.java:100)
	at org.openqa.selenium.remote.service.DriverService.waitUntilAvailable(DriverService.java:188)
	... 35 more
Caused by: java.util.concurrent.TimeoutException
	at java.util.concurrent.FutureTask.get(FutureTask.java:205)
	at com.google.common.util.concurrent.SimpleTimeLimiter.callWithTimeout(SimpleTimeLimiter.java:156)
	at org.openqa.selenium.net.UrlChecker.waitUntilAvailable(UrlChecker.java:75)
	... 36 more
... Removed 26 stack frames</div></td></tr></table><p class="totop"><a href="#summary">back to summary</a></p>
<h3 id="m3">com.STTA.testCases.TC_CaptureScreenShot_008#testCaptureScreenshot</h3><table class="result"><tr><th class="invisible"/></tr></table><p class="totop"><a href="#summary">back to summary</a></p>
<h3 id="m4">com.STTA.testCases.TC_DataproviderDDT_002#LogIn_Test</h3><table class="result"><tr class="param"><th>Parameter #1</th><th>Parameter #2</th></tr><tr class="param stripe"><td>UserId3</td><td>Pass3</td></tr></table><p class="totop"><a href="#summary">back to summary</a></p>
<h3 id="m5">com.STTA.testCases.TC_DataproviderDDT_002#LogIn_Test</h3><table class="result"><tr class="param"><th>Parameter #1</th><th>Parameter #2</th></tr><tr class="param stripe"><td>UserId1</td><td>Pass1</td></tr></table><p class="totop"><a href="#summary">back to summary</a></p>
<h3 id="m6">com.STTA.testCases.TC_DataproviderDDT_002#LogIn_Test</h3><table class="result"><tr class="param"><th>Parameter #1</th><th>Parameter #2</th></tr><tr class="param stripe"><td>UserId4</td><td>Pass4</td></tr></table><p class="totop"><a href="#summary">back to summary</a></p>
<h3 id="m7">com.STTA.testCases.TC_DataproviderDDT_002#LogIn_Test</h3><table class="result"><tr class="param"><th>Parameter #1</th><th>Parameter #2</th></tr><tr class="param stripe"><td>UserId2</td><td>Pass2</td></tr></table><p class="totop"><a href="#summary">back to summary</a></p>
<h3 id="m8">com.STTA.testCases.TC_DiffBetFindElementAndFindElements_015#testDiffBetFindElementAndFindElements</h3><table class="result"><tr><th class="invisible"/></tr></table><p class="totop"><a href="#summary">back to summary</a></p>
<h3 id="m9">com.STTA.testCases.TC_DiifBetweenSubmitAndClick_007#testDiffBetClickAndSubmit</h3><table class="result"><tr><th class="invisible"/></tr></table><p class="totop"><a href="#summary">back to summary</a></p>
<h3 id="m10">com.STTA.testCases.TC_DragAndDropElementByPixelXY_026#testDragAndDropElementByPixelXY</h3><table class="result"><tr><th class="invisible"/></tr></table><p class="totop"><a href="#summary">back to summary</a></p>
<h3 id="m11">com.STTA.testCases.TC_ExtractOrReadTableData_19#testExtractOrReadTableData</h3><table class="result"><tr><th class="invisible"/></tr></table><p class="totop"><a href="#summary">back to summary</a></p>
<h3 id="m12">com.STTA.testCases.TC_ExtractOrReadTableData_19#testmethodone</h3><table class="result"><tr><th class="invisible"/></tr></table><p class="totop"><a href="#summary">back to summary</a></p>
<h3 id="m13">com.STTA.testCases.TC_ExtractingAllTextFieldsFromWebPage_018#testExtractingAllTextFieldsFromWebPage</h3><table class="result"><tr><th class="invisible"/></tr></table><p class="totop"><a href="#summary">back to summary</a></p>
<h3 id="m14">com.STTA.testCases.TC_ExtractingAllTextFieldsFromWebPage_018#testMethod</h3><table class="result"><tr><th class="invisible"/></tr></table><p class="totop"><a href="#summary">back to summary</a></p>
<h3 id="m15">com.STTA.testCases.TC_GeneratingMouseHoverEventOnMainMenuToClickOnSubMenu_009#testGeneratingMouseHoverEventOnMainMenuToClickOnSubMenu</h3><table class="result"><tr><th class="invisible"/></tr></table><p class="totop"><a href="#summary">back to summary</a></p>
<h3 id="m16">com.STTA.testCases.TC_GetOrExtractAllLinksFromWebPage_017#testGetOrExtractAllLinksFromWebPage</h3><table class="result"><tr><th class="invisible"/></tr></table><p class="totop"><a href="#summary">back to summary</a></p>
<h3 id="m17">com.STTA.testCases.TC_HandleCheckbox_004#testCheckbox</h3><table class="result"><tr><th class="invisible"/></tr></table><p class="totop"><a href="#summary">back to summary</a></p>
<h3 id="m18">com.STTA.testCases.TC_HandleCheckbox_004#testmethodone</h3><table class="result"><tr><th class="invisible"/></tr></table><p class="totop"><a href="#summary">back to summary</a></p>
<h3 id="m19">com.STTA.testCases.TC_HandleDynamicWebTable_020#testHandleDynamicWebTable</h3><table class="result"><tr><th class="invisible"/></tr></table><p class="totop"><a href="#summary">back to summary</a></p>
<h3 id="m20">com.STTA.testCases.TC_HandlingJSAlerts_012#testHandlingJSAlerts</h3><table class="result"><tr><th class="invisible"/></tr></table><p class="totop"><a href="#summary">back to summary</a></p>
<h3 id="m21">com.STTA.testCases.TC_HandlingMultipleBrowserWindows_010#testHandlingMultipleBrowserWindows</h3><table class="result"><tr><th class="invisible"/></tr></table><p class="totop"><a href="#summary">back to summary</a></p>
<h3 id="m22">com.STTA.testCases.TC_HighlightElement_013#testHighlightElement</h3><table class="result"><tr><th class="invisible"/></tr></table><p class="totop"><a href="#summary">back to summary</a></p>
<h3 id="m23">com.STTA.testCases.TC_IEBrowserSampleTest_003#testCal</h3><table class="result"><tr><th class="invisible"/></tr></table><p class="totop"><a href="#summary">back to summary</a></p>
<h3 id="m24">com.STTA.testCases.TC_NavigationCommands_005#testBrowsercmds</h3><table class="result"><tr><th class="invisible"/></tr></table><p class="totop"><a href="#summary">back to summary</a></p>
<h3 id="m25">com.STTA.testCases.TC_ObjectRepositoryUsingPropertiesFile_016#testObjectRepositoryUsingPropertiesFile</h3><table class="result"><tr><th class="invisible"/></tr></table><p class="totop"><a href="#summary">back to summary</a></p>
<h3 id="m26">com.STTA.testCases.TC_ParameterizationOrDataDrivenTesting_022#testDDTorParameterization</h3><table class="result"><tr><th class="invisible"/></tr></table><p class="totop"><a href="#summary">back to summary</a></p>
<h3 id="m27">com.STTA.testCases.TC_ReadingFontProperties_014#testReadingFontProperties</h3><table class="result"><tr><th class="invisible"/></tr></table><p class="totop"><a href="#summary">back to summary</a></p>
</body>
</html>
